02:41:35 **** Incremental Build of configuration Nios II for project Pacemaker ****
make all 
Info: Building ../Pacemaker_bsp/
C:/intelFPGA_lite/16.1/nios2eds/bin/gnu/H-x86_64-mingw32/bin/make --no-print-directory -C ../Pacemaker_bsp/
[BSP build complete]
Info: Linking Pacemaker.elf
nios2-elf-g++  -T'../Pacemaker_bsp//linker.x' -msys-crt0='../Pacemaker_bsp//obj/HAL/src/crt0.o' -msys-lib=hal_bsp -L../Pacemaker_bsp/   -Wl,-Map=Pacemaker.map   -O0 -g -Wall   -mno-hw-div -mhw-mul -mno-hw-mulx -mgpopt=global  -o Pacemaker.elf obj/default/pacemaker.o obj/default/pacemaker_fsm.o -lm -msys-lib=m
obj/default/pacemaker.o: In function `main':
C:\Users\ambib\OneDrive\Desktop\compsys-lab1\software\Pacemaker/pacemaker.c:212: undefined reference to `alt_irq_enable'
collect2.exe: error: ld returned 1 exit status
make: *** [Pacemaker.elf] Error 1
02:46:00 **** Build of configuration Nios II for project Pacemaker ****
make all 
Info: Building ../Pacemaker_bsp/
C:/intelFPGA_lite/16.1/nios2eds/bin/gnu/H-x86_64-mingw32/bin/make --no-print-directory -C ../Pacemaker_bsp/
[BSP build complete]
Info: Compiling pacemaker.c to obj/default/pacemaker.o
nios2-elf-gcc -xc -MP -MMD -c -I../Pacemaker_bsp//HAL/inc -I../Pacemaker_bsp/ -I../Pacemaker_bsp//drivers/inc  -pipe -D__hal__ -DALT_NO_INSTRUCTION_EMULATION -DALT_SINGLE_THREADED    -O0 -g -Wall   -mno-hw-div -mhw-mul -mno-hw-mulx -mgpopt=global  -o obj/default/pacemaker.o pacemaker.c
pacemaker.c: In function 'get_heart_signals':
pacemaker.c:77:2: warning: implicit declaration of function 'test_and_set' [-Wimplicit-function-declaration]
  test_and_set(&code);
  ^
pacemaker.c: At top level:
pacemaker.c:141:6: warning: conflicting types for 'test_and_set'
 void test_and_set(int* code)
      ^
pacemaker.c:77:2: note: previous implicit declaration of 'test_and_set' was here
  test_and_set(&code);
  ^
pacemaker.c: In function 'main':
pacemaker.c:208:3: warning: implicit declaration of function 'alt_irq_register' [-Wimplicit-function-declaration]
   alt_irq_register (BUTTONS_IRQ, NULL , get_heart_signals);
   ^
pacemaker.c:214:65: warning: passing argument 3 of 'alt_ic_isr_register' from incompatible pointer type [-Wincompatible-pointer-types]
   alt_ic_isr_register(UART_IRQ_INTERRUPT_CONTROLLER_ID,UART_IRQ,get_uart_contents,NULL,NULL);
                                                                 ^
In file included from pacemaker.c:24:0:
../Pacemaker_bsp//HAL/inc/sys/alt_irq.h:195:12: note: expected 'alt_isr_func {aka void (*)(void *)}' but argument is of type 'void (*)(void *, alt_u32) {aka void (*)(void *, long unsigned int)}'
 extern int alt_ic_isr_register(alt_u32 ic_id,
            ^
pacemaker.c:220:9: warning: passing argument 1 of 'read' makes integer from pointer without a cast [-Wint-conversion]
    read(uart,heart_signal,1);
         ^
In file included from c:\intelfpga_lite\16.1\nios2eds\bin\gnu\h-x86_64-mingw32\nios2-elf\include\stdio.h:29:0,
                 from pacemaker.c:17:
c:\intelfpga_lite\16.1\nios2eds\bin\gnu\h-x86_64-mingw32\nios2-elf\include\sys\unistd.h:149:25: note: expected 'int' but argument is of type 'FILE * {aka struct __sFILE *}'
 _READ_WRITE_RETURN_TYPE _EXFUN(read, (int __fd, void *__buf, size_t __nbyte ));
                         ^
Info: Linking Pacemaker.elf
nios2-elf-g++  -T'../Pacemaker_bsp//linker.x' -msys-crt0='../Pacemaker_bsp//obj/HAL/src/crt0.o' -msys-lib=hal_bsp -L../Pacemaker_bsp/   -Wl,-Map=Pacemaker.map   -O0 -g -Wall   -mno-hw-div -mhw-mul -mno-hw-mulx -mgpopt=global  -o Pacemaker.elf obj/default/pacemaker.o obj/default/pacemaker_fsm.o -lm -msys-lib=m
nios2-elf-insert Pacemaker.elf --thread_model hal --cpu_name cpu --qsys true --simulation_enabled false --id 308784078 --sidp 0x0 --timestamp 1502336826 --stderr_dev jtag_uart --stdin_dev jtag_uart --stdout_dev jtag_uart --sopc_system_name nios2_system --quartus_project_dir "C:/Users/ambib/OneDrive/Desktop/compsys-lab1" --jdi ../..//output_files/lab1.jdi --sopcinfo C:/Users/ambib/OneDrive/Desktop/compsys-lab1/software/Pacemaker_bsp/../../nios2_system.sopcinfo
Info: (Pacemaker.elf) 91 KBytes program size (code + initialized data).
Info:                 8093 KBytes free for stack + heap.
Info: Creating Pacemaker.objdump
nios2-elf-objdump --disassemble --syms --all-header --source Pacemaker.elf >Pacemaker.objdump
[Pacemaker build complete]
02:46:07 **** Incremental Build of configuration Nios II for project Pacemaker ****
make all 
Info: Building ../Pacemaker_bsp/
C:/intelFPGA_lite/16.1/nios2eds/bin/gnu/H-x86_64-mingw32/bin/make --no-print-directory -C ../Pacemaker_bsp/
[BSP build complete]
[Pacemaker build complete]
02:56:42 **** Build of configuration Nios II for project Pacemaker ****
make all 
Info: Building ../Pacemaker_bsp/
C:/intelFPGA_lite/16.1/nios2eds/bin/gnu/H-x86_64-mingw32/bin/make --no-print-directory -C ../Pacemaker_bsp/
[BSP build complete]
Info: Compiling pacemaker.c to obj/default/pacemaker.o
nios2-elf-gcc -xc -MP -MMD -c -I../Pacemaker_bsp//HAL/inc -I../Pacemaker_bsp/ -I../Pacemaker_bsp//drivers/inc  -pipe -D__hal__ -DALT_NO_INSTRUCTION_EMULATION -DALT_SINGLE_THREADED    -O0 -g -Wall   -mno-hw-div -mhw-mul -mno-hw-mulx -mgpopt=global  -o obj/default/pacemaker.o pacemaker.c
pacemaker.c: In function 'get_heart_signals':
pacemaker.c:77:2: warning: implicit declaration of function 'test_and_set' [-Wimplicit-function-declaration]
  test_and_set(&code);
  ^
pacemaker.c: At top level:
pacemaker.c:141:6: warning: conflicting types for 'test_and_set'
 void test_and_set(int* code)
      ^
pacemaker.c:77:2: note: previous implicit declaration of 'test_and_set' was here
  test_and_set(&code);
  ^
pacemaker.c: In function 'main':
pacemaker.c:208:3: warning: implicit declaration of function 'alt_irq_register' [-Wimplicit-function-declaration]
   alt_irq_register (BUTTONS_IRQ, NULL , get_heart_signals);
   ^
pacemaker.c:214:65: warning: passing argument 3 of 'alt_ic_isr_register' from incompatible pointer type [-Wincompatible-pointer-types]
   alt_ic_isr_register(UART_IRQ_INTERRUPT_CONTROLLER_ID,UART_IRQ,get_uart_contents,NULL,NULL);
                                                                 ^
In file included from pacemaker.c:24:0:
../Pacemaker_bsp//HAL/inc/sys/alt_irq.h:195:12: note: expected 'alt_isr_func {aka void (*)(void *)}' but argument is of type 'void (*)(void *, alt_u32) {aka void (*)(void *, long unsigned int)}'
 extern int alt_ic_isr_register(alt_u32 ic_id,
            ^
pacemaker.c:222:9: warning: passing argument 1 of 'read' makes integer from pointer without a cast [-Wint-conversion]
    read(uart,heart_signal,1);
         ^
In file included from c:\intelfpga_lite\16.1\nios2eds\bin\gnu\h-x86_64-mingw32\nios2-elf\include\stdio.h:29:0,
                 from pacemaker.c:17:
c:\intelfpga_lite\16.1\nios2eds\bin\gnu\h-x86_64-mingw32\nios2-elf\include\sys\unistd.h:149:25: note: expected 'int' but argument is of type 'FILE * {aka struct __sFILE *}'
 _READ_WRITE_RETURN_TYPE _EXFUN(read, (int __fd, void *__buf, size_t __nbyte ));
                         ^
Info: Linking Pacemaker.elf
nios2-elf-g++  -T'../Pacemaker_bsp//linker.x' -msys-crt0='../Pacemaker_bsp//obj/HAL/src/crt0.o' -msys-lib=hal_bsp -L../Pacemaker_bsp/   -Wl,-Map=Pacemaker.map   -O0 -g -Wall   -mno-hw-div -mhw-mul -mno-hw-mulx -mgpopt=global  -o Pacemaker.elf obj/default/pacemaker.o obj/default/pacemaker_fsm.o -lm -msys-lib=m
nios2-elf-insert Pacemaker.elf --thread_model hal --cpu_name cpu --qsys true --simulation_enabled false --id 308784078 --sidp 0x0 --timestamp 1502336826 --stderr_dev jtag_uart --stdin_dev jtag_uart --stdout_dev jtag_uart --sopc_system_name nios2_system --quartus_project_dir "C:/Users/ambib/OneDrive/Desktop/compsys-lab1" --jdi ../..//output_files/lab1.jdi --sopcinfo C:/Users/ambib/OneDrive/Desktop/compsys-lab1/software/Pacemaker_bsp/../../nios2_system.sopcinfo
Info: (Pacemaker.elf) 91 KBytes program size (code + initialized data).
Info:                 8093 KBytes free for stack + heap.
Info: Creating Pacemaker.objdump
nios2-elf-objdump --disassemble --syms --all-header --source Pacemaker.elf >Pacemaker.objdump
[Pacemaker build complete]
02:56:47 **** Incremental Build of configuration Nios II for project Pacemaker ****
make all 
Info: Building ../Pacemaker_bsp/
C:/intelFPGA_lite/16.1/nios2eds/bin/gnu/H-x86_64-mingw32/bin/make --no-print-directory -C ../Pacemaker_bsp/
[BSP build complete]
[Pacemaker build complete]
03:02:32 **** Build of configuration Nios II for project Pacemaker ****
make all 
Info: Building ../Pacemaker_bsp/
C:/intelFPGA_lite/16.1/nios2eds/bin/gnu/H-x86_64-mingw32/bin/make --no-print-directory -C ../Pacemaker_bsp/
[BSP build complete]
Info: Compiling pacemaker.c to obj/default/pacemaker.o
nios2-elf-gcc -xc -MP -MMD -c -I../Pacemaker_bsp//HAL/inc -I../Pacemaker_bsp/ -I../Pacemaker_bsp//drivers/inc  -pipe -D__hal__ -DALT_NO_INSTRUCTION_EMULATION -DALT_SINGLE_THREADED    -O0 -g -Wall   -mno-hw-div -mhw-mul -mno-hw-mulx -mgpopt=global  -o obj/default/pacemaker.o pacemaker.c
pacemaker.c: In function 'get_heart_signals':
pacemaker.c:77:2: warning: implicit declaration of function 'test_and_set' [-Wimplicit-function-declaration]
  test_and_set(&code);
  ^
pacemaker.c: At top level:
pacemaker.c:141:6: warning: conflicting types for 'test_and_set'
 void test_and_set(int* code)
      ^
pacemaker.c:77:2: note: previous implicit declaration of 'test_and_set' was here
  test_and_set(&code);
  ^
pacemaker.c: In function 'main':
pacemaker.c:208:3: warning: implicit declaration of function 'alt_irq_register' [-Wimplicit-function-declaration]
   alt_irq_register (BUTTONS_IRQ, NULL , get_heart_signals);
   ^
pacemaker.c:218:3: error: 'control' undeclared (first use in this function)
   control = ALTERA_AVALON_UART_CONTROL_TRDY_MSK |
   ^
pacemaker.c:218:3: note: each undeclared identifier is reported only once for each function it appears in
pacemaker.c:226:9: warning: passing argument 1 of 'read' makes integer from pointer without a cast [-Wint-conversion]
    read(uart,heart_signal,1);
         ^
In file included from c:\intelfpga_lite\16.1\nios2eds\bin\gnu\h-x86_64-mingw32\nios2-elf\include\stdio.h:29:0,
                 from pacemaker.c:17:
c:\intelfpga_lite\16.1\nios2eds\bin\gnu\h-x86_64-mingw32\nios2-elf\include\sys\unistd.h:149:25: note: expected 'int' but argument is of type 'FILE * {aka struct __sFILE *}'
 _READ_WRITE_RETURN_TYPE _EXFUN(read, (int __fd, void *__buf, size_t __nbyte ));
                         ^
make: *** [obj/default/pacemaker.o] Error 1
03:02:34 **** Incremental Build of configuration Nios II for project Pacemaker ****
make all 
Info: Building ../Pacemaker_bsp/
C:/intelFPGA_lite/16.1/nios2eds/bin/gnu/H-x86_64-mingw32/bin/make --no-print-directory -C ../Pacemaker_bsp/
[BSP build complete]
Info: Compiling pacemaker.c to obj/default/pacemaker.o
nios2-elf-gcc -xc -MP -MMD -c -I../Pacemaker_bsp//HAL/inc -I../Pacemaker_bsp/ -I../Pacemaker_bsp//drivers/inc  -pipe -D__hal__ -DALT_NO_INSTRUCTION_EMULATION -DALT_SINGLE_THREADED    -O0 -g -Wall   -mno-hw-div -mhw-mul -mno-hw-mulx -mgpopt=global  -o obj/default/pacemaker.o pacemaker.c
pacemaker.c: In function 'get_heart_signals':
pacemaker.c:77:2: warning: implicit declaration of function 'test_and_set' [-Wimplicit-function-declaration]
  test_and_set(&code);
  ^
pacemaker.c: At top level:
pacemaker.c:141:6: warning: conflicting types for 'test_and_set'
 void test_and_set(int* code)
      ^
pacemaker.c:77:2: note: previous implicit declaration of 'test_and_set' was here
  test_and_set(&code);
  ^
pacemaker.c: In function 'main':
pacemaker.c:208:3: warning: implicit declaration of function 'alt_irq_register' [-Wimplicit-function-declaration]
   alt_irq_register (BUTTONS_IRQ, NULL , get_heart_signals);
   ^
pacemaker.c:218:3: error: 'control' undeclared (first use in this function)
   control = ALTERA_AVALON_UART_CONTROL_TRDY_MSK |
   ^
pacemaker.c:218:3: note: each undeclared identifier is reported only once for each function it appears in
pacemaker.c:226:9: warning: passing argument 1 of 'read' makes integer from pointer without a cast [-Wint-conversion]
    read(uart,heart_signal,1);
         ^
In file included from c:\intelfpga_lite\16.1\nios2eds\bin\gnu\h-x86_64-mingw32\nios2-elf\include\stdio.h:29:0,
                 from pacemaker.c:17:
c:\intelfpga_lite\16.1\nios2eds\bin\gnu\h-x86_64-mingw32\nios2-elf\include\sys\unistd.h:149:25: note: expected 'int' but argument is of type 'FILE * {aka struct __sFILE *}'
 _READ_WRITE_RETURN_TYPE _EXFUN(read, (int __fd, void *__buf, size_t __nbyte ));
                         ^
make: *** [obj/default/pacemaker.o] Error 1
03:02:53 **** Build of configuration Nios II for project Pacemaker ****
make all 
Info: Building ../Pacemaker_bsp/
C:/intelFPGA_lite/16.1/nios2eds/bin/gnu/H-x86_64-mingw32/bin/make --no-print-directory -C ../Pacemaker_bsp/
[BSP build complete]
Info: Compiling pacemaker.c to obj/default/pacemaker.o
nios2-elf-gcc -xc -MP -MMD -c -I../Pacemaker_bsp//HAL/inc -I../Pacemaker_bsp/ -I../Pacemaker_bsp//drivers/inc  -pipe -D__hal__ -DALT_NO_INSTRUCTION_EMULATION -DALT_SINGLE_THREADED    -O0 -g -Wall   -mno-hw-div -mhw-mul -mno-hw-mulx -mgpopt=global  -o obj/default/pacemaker.o pacemaker.c
pacemaker.c: In function 'get_heart_signals':
pacemaker.c:77:2: warning: implicit declaration of function 'test_and_set' [-Wimplicit-function-declaration]
  test_and_set(&code);
  ^
pacemaker.c: At top level:
pacemaker.c:141:6: warning: conflicting types for 'test_and_set'
 void test_and_set(int* code)
      ^
pacemaker.c:77:2: note: previous implicit declaration of 'test_and_set' was here
  test_and_set(&code);
  ^
pacemaker.c: In function 'main':
pacemaker.c:208:3: warning: implicit declaration of function 'alt_irq_register' [-Wimplicit-function-declaration]
   alt_irq_register (BUTTONS_IRQ, NULL , get_heart_signals);
   ^
pacemaker.c:227:9: warning: passing argument 1 of 'read' makes integer from pointer without a cast [-Wint-conversion]
    read(uart,heart_signal,1);
         ^
In file included from c:\intelfpga_lite\16.1\nios2eds\bin\gnu\h-x86_64-mingw32\nios2-elf\include\stdio.h:29:0,
                 from pacemaker.c:17:
c:\intelfpga_lite\16.1\nios2eds\bin\gnu\h-x86_64-mingw32\nios2-elf\include\sys\unistd.h:149:25: note: expected 'int' but argument is of type 'FILE * {aka struct __sFILE *}'
 _READ_WRITE_RETURN_TYPE _EXFUN(read, (int __fd, void *__buf, size_t __nbyte ));
                         ^
Info: Linking Pacemaker.elf
nios2-elf-g++  -T'../Pacemaker_bsp//linker.x' -msys-crt0='../Pacemaker_bsp//obj/HAL/src/crt0.o' -msys-lib=hal_bsp -L../Pacemaker_bsp/   -Wl,-Map=Pacemaker.map   -O0 -g -Wall   -mno-hw-div -mhw-mul -mno-hw-mulx -mgpopt=global  -o Pacemaker.elf obj/default/pacemaker.o obj/default/pacemaker_fsm.o -lm -msys-lib=m
nios2-elf-insert Pacemaker.elf --thread_model hal --cpu_name cpu --qsys true --simulation_enabled false --id 308784078 --sidp 0x0 --timestamp 1502336826 --stderr_dev jtag_uart --stdin_dev jtag_uart --stdout_dev jtag_uart --sopc_system_name nios2_system --quartus_project_dir "C:/Users/ambib/OneDrive/Desktop/compsys-lab1" --jdi ../..//output_files/lab1.jdi --sopcinfo C:/Users/ambib/OneDrive/Desktop/compsys-lab1/software/Pacemaker_bsp/../../nios2_system.sopcinfo
Info: (Pacemaker.elf) 91 KBytes program size (code + initialized data).
Info:                 8093 KBytes free for stack + heap.
Info: Creating Pacemaker.objdump
nios2-elf-objdump --disassemble --syms --all-header --source Pacemaker.elf >Pacemaker.objdump
[Pacemaker build complete]
03:03:00 **** Incremental Build of configuration Nios II for project Pacemaker ****
make all 
Info: Building ../Pacemaker_bsp/
C:/intelFPGA_lite/16.1/nios2eds/bin/gnu/H-x86_64-mingw32/bin/make --no-print-directory -C ../Pacemaker_bsp/
[BSP build complete]
[Pacemaker build complete]
03:03:47 **** Build of configuration Nios II for project Pacemaker ****
make all 
Info: Building ../Pacemaker_bsp/
C:/intelFPGA_lite/16.1/nios2eds/bin/gnu/H-x86_64-mingw32/bin/make --no-print-directory -C ../Pacemaker_bsp/
[BSP build complete]
Info: Compiling pacemaker.c to obj/default/pacemaker.o
nios2-elf-gcc -xc -MP -MMD -c -I../Pacemaker_bsp//HAL/inc -I../Pacemaker_bsp/ -I../Pacemaker_bsp//drivers/inc  -pipe -D__hal__ -DALT_NO_INSTRUCTION_EMULATION -DALT_SINGLE_THREADED    -O0 -g -Wall   -mno-hw-div -mhw-mul -mno-hw-mulx -mgpopt=global  -o obj/default/pacemaker.o pacemaker.c
pacemaker.c: In function 'get_heart_signals':
pacemaker.c:77:2: warning: implicit declaration of function 'test_and_set' [-Wimplicit-function-declaration]
  test_and_set(&code);
  ^
pacemaker.c: At top level:
pacemaker.c:141:6: warning: conflicting types for 'test_and_set'
 void test_and_set(int* code)
      ^
pacemaker.c:77:2: note: previous implicit declaration of 'test_and_set' was here
  test_and_set(&code);
  ^
pacemaker.c: In function 'main':
pacemaker.c:208:3: warning: implicit declaration of function 'alt_irq_register' [-Wimplicit-function-declaration]
   alt_irq_register (BUTTONS_IRQ, NULL , get_heart_signals);
   ^
pacemaker.c:229:9: warning: passing argument 1 of 'read' makes integer from pointer without a cast [-Wint-conversion]
    read(uart,heart_signal,1);
         ^
In file included from c:\intelfpga_lite\16.1\nios2eds\bin\gnu\h-x86_64-mingw32\nios2-elf\include\stdio.h:29:0,
                 from pacemaker.c:17:
c:\intelfpga_lite\16.1\nios2eds\bin\gnu\h-x86_64-mingw32\nios2-elf\include\sys\unistd.h:149:25: note: expected 'int' but argument is of type 'FILE * {aka struct __sFILE *}'
 _READ_WRITE_RETURN_TYPE _EXFUN(read, (int __fd, void *__buf, size_t __nbyte ));
                         ^
Info: Linking Pacemaker.elf
nios2-elf-g++  -T'../Pacemaker_bsp//linker.x' -msys-crt0='../Pacemaker_bsp//obj/HAL/src/crt0.o' -msys-lib=hal_bsp -L../Pacemaker_bsp/   -Wl,-Map=Pacemaker.map   -O0 -g -Wall   -mno-hw-div -mhw-mul -mno-hw-mulx -mgpopt=global  -o Pacemaker.elf obj/default/pacemaker.o obj/default/pacemaker_fsm.o -lm -msys-lib=m
nios2-elf-insert Pacemaker.elf --thread_model hal --cpu_name cpu --qsys true --simulation_enabled false --id 308784078 --sidp 0x0 --timestamp 1502336826 --stderr_dev jtag_uart --stdin_dev jtag_uart --stdout_dev jtag_uart --sopc_system_name nios2_system --quartus_project_dir "C:/Users/ambib/OneDrive/Desktop/compsys-lab1" --jdi ../..//output_files/lab1.jdi --sopcinfo C:/Users/ambib/OneDrive/Desktop/compsys-lab1/software/Pacemaker_bsp/../../nios2_system.sopcinfo
Info: (Pacemaker.elf) 91 KBytes program size (code + initialized data).
Info:                 8093 KBytes free for stack + heap.
Info: Creating Pacemaker.objdump
nios2-elf-objdump --disassemble --syms --all-header --source Pacemaker.elf >Pacemaker.objdump
[Pacemaker build complete]
03:03:52 **** Incremental Build of configuration Nios II for project Pacemaker ****
make all 
Info: Building ../Pacemaker_bsp/
C:/intelFPGA_lite/16.1/nios2eds/bin/gnu/H-x86_64-mingw32/bin/make --no-print-directory -C ../Pacemaker_bsp/
[BSP build complete]
[Pacemaker build complete]
03:07:31 **** Build of configuration Nios II for project Pacemaker ****
make all 
Info: Building ../Pacemaker_bsp/
C:/intelFPGA_lite/16.1/nios2eds/bin/gnu/H-x86_64-mingw32/bin/make --no-print-directory -C ../Pacemaker_bsp/
[BSP build complete]
Info: Compiling pacemaker.c to obj/default/pacemaker.o
nios2-elf-gcc -xc -MP -MMD -c -I../Pacemaker_bsp//HAL/inc -I../Pacemaker_bsp/ -I../Pacemaker_bsp//drivers/inc  -pipe -D__hal__ -DALT_NO_INSTRUCTION_EMULATION -DALT_SINGLE_THREADED    -O0 -g -Wall   -mno-hw-div -mhw-mul -mno-hw-mulx -mgpopt=global  -o obj/default/pacemaker.o pacemaker.c
pacemaker.c: In function 'get_heart_signals':
pacemaker.c:77:2: warning: implicit declaration of function 'test_and_set' [-Wimplicit-function-declaration]
  test_and_set(&code);
  ^
pacemaker.c: At top level:
pacemaker.c:141:6: warning: conflicting types for 'test_and_set'
 void test_and_set(int* code)
      ^
pacemaker.c:77:2: note: previous implicit declaration of 'test_and_set' was here
  test_and_set(&code);
  ^
pacemaker.c: In function 'main':
pacemaker.c:208:3: warning: implicit declaration of function 'alt_irq_register' [-Wimplicit-function-declaration]
   alt_irq_register (BUTTONS_IRQ, NULL , get_heart_signals);
   ^
pacemaker.c:233:9: warning: passing argument 1 of 'read' makes integer from pointer without a cast [-Wint-conversion]
    read(uart,heart_signal,1);
         ^
In file included from c:\intelfpga_lite\16.1\nios2eds\bin\gnu\h-x86_64-mingw32\nios2-elf\include\stdio.h:29:0,
                 from pacemaker.c:17:
c:\intelfpga_lite\16.1\nios2eds\bin\gnu\h-x86_64-mingw32\nios2-elf\include\sys\unistd.h:149:25: note: expected 'int' but argument is of type 'FILE * {aka struct __sFILE *}'
 _READ_WRITE_RETURN_TYPE _EXFUN(read, (int __fd, void *__buf, size_t __nbyte ));
                         ^
Info: Linking Pacemaker.elf
nios2-elf-g++  -T'../Pacemaker_bsp//linker.x' -msys-crt0='../Pacemaker_bsp//obj/HAL/src/crt0.o' -msys-lib=hal_bsp -L../Pacemaker_bsp/   -Wl,-Map=Pacemaker.map   -O0 -g -Wall   -mno-hw-div -mhw-mul -mno-hw-mulx -mgpopt=global  -o Pacemaker.elf obj/default/pacemaker.o obj/default/pacemaker_fsm.o -lm -msys-lib=m
nios2-elf-insert Pacemaker.elf --thread_model hal --cpu_name cpu --qsys true --simulation_enabled false --id 308784078 --sidp 0x0 --timestamp 1502336826 --stderr_dev jtag_uart --stdin_dev jtag_uart --stdout_dev jtag_uart --sopc_system_name nios2_system --quartus_project_dir "C:/Users/ambib/OneDrive/Desktop/compsys-lab1" --jdi ../..//output_files/lab1.jdi --sopcinfo C:/Users/ambib/OneDrive/Desktop/compsys-lab1/software/Pacemaker_bsp/../../nios2_system.sopcinfo
Info: (Pacemaker.elf) 91 KBytes program size (code + initialized data).
Info:                 8093 KBytes free for stack + heap.
Info: Creating Pacemaker.objdump
nios2-elf-objdump --disassemble --syms --all-header --source Pacemaker.elf >Pacemaker.objdump
[Pacemaker build complete]
03:07:36 **** Incremental Build of configuration Nios II for project Pacemaker ****
make all 
Info: Building ../Pacemaker_bsp/
C:/intelFPGA_lite/16.1/nios2eds/bin/gnu/H-x86_64-mingw32/bin/make --no-print-directory -C ../Pacemaker_bsp/
[BSP build complete]
[Pacemaker build complete]
03:09:07 **** Build of configuration Nios II for project Pacemaker ****
make all 
Info: Building ../Pacemaker_bsp/
C:/intelFPGA_lite/16.1/nios2eds/bin/gnu/H-x86_64-mingw32/bin/make --no-print-directory -C ../Pacemaker_bsp/
[BSP build complete]
Info: Compiling pacemaker.c to obj/default/pacemaker.o
nios2-elf-gcc -xc -MP -MMD -c -I../Pacemaker_bsp//HAL/inc -I../Pacemaker_bsp/ -I../Pacemaker_bsp//drivers/inc  -pipe -D__hal__ -DALT_NO_INSTRUCTION_EMULATION -DALT_SINGLE_THREADED    -O0 -g -Wall   -mno-hw-div -mhw-mul -mno-hw-mulx -mgpopt=global  -o obj/default/pacemaker.o pacemaker.c
pacemaker.c: In function 'get_heart_signals':
pacemaker.c:77:2: warning: implicit declaration of function 'test_and_set' [-Wimplicit-function-declaration]
  test_and_set(&code);
  ^
pacemaker.c: At top level:
pacemaker.c:141:6: warning: conflicting types for 'test_and_set'
 void test_and_set(int* code)
      ^
pacemaker.c:77:2: note: previous implicit declaration of 'test_and_set' was here
  test_and_set(&code);
  ^
pacemaker.c: In function 'main':
pacemaker.c:208:3: warning: implicit declaration of function 'alt_irq_register' [-Wimplicit-function-declaration]
   alt_irq_register (BUTTONS_IRQ, NULL , get_heart_signals);
   ^
In file included from ../Pacemaker_bsp//drivers/inc/altera_avalon_pio_regs.h:34:0,
                 from pacemaker.c:18:
pacemaker.c:229:33: error: 'PIO_OUT_BASE' undeclared (first use in this function)
     IOWR_ALTERA_AVALON_PIO_DATA(PIO_OUT_BASE, 0x0);
                                 ^
../Pacemaker_bsp//HAL/inc/io.h:70:23: note: in definition of macro '__IO_CALC_ADDRESS_NATIVE'
   ((void *)(((alt_u8*)BASE) + ((REGNUM) * (SYSTEM_BUS_WIDTH/8))))
                       ^
../Pacemaker_bsp//drivers/inc/altera_avalon_pio_regs.h:38:55: note: in expansion of macro 'IOWR'
 #define IOWR_ALTERA_AVALON_PIO_DATA(base, data)       IOWR(base, 0, data)
                                                       ^
pacemaker.c:229:5: note: in expansion of macro 'IOWR_ALTERA_AVALON_PIO_DATA'
     IOWR_ALTERA_AVALON_PIO_DATA(PIO_OUT_BASE, 0x0);
     ^
pacemaker.c:229:33: note: each undeclared identifier is reported only once for each function it appears in
     IOWR_ALTERA_AVALON_PIO_DATA(PIO_OUT_BASE, 0x0);
                                 ^
../Pacemaker_bsp//HAL/inc/io.h:70:23: note: in definition of macro '__IO_CALC_ADDRESS_NATIVE'
   ((void *)(((alt_u8*)BASE) + ((REGNUM) * (SYSTEM_BUS_WIDTH/8))))
                       ^
../Pacemaker_bsp//drivers/inc/altera_avalon_pio_regs.h:38:55: note: in expansion of macro 'IOWR'
 #define IOWR_ALTERA_AVALON_PIO_DATA(base, data)       IOWR(base, 0, data)
                                                       ^
pacemaker.c:229:5: note: in expansion of macro 'IOWR_ALTERA_AVALON_PIO_DATA'
     IOWR_ALTERA_AVALON_PIO_DATA(PIO_OUT_BASE, 0x0);
     ^
pacemaker.c:234:9: warning: passing argument 1 of 'read' makes integer from pointer without a cast [-Wint-conversion]
    read(uart,heart_signal,1);
         ^
In file included from c:\intelfpga_lite\16.1\nios2eds\bin\gnu\h-x86_64-mingw32\nios2-elf\include\stdio.h:29:0,
                 from pacemaker.c:17:
c:\intelfpga_lite\16.1\nios2eds\bin\gnu\h-x86_64-mingw32\nios2-elf\include\sys\unistd.h:149:25: note: expected 'int' but argument is of type 'FILE * {aka struct __sFILE *}'
 _READ_WRITE_RETURN_TYPE _EXFUN(read, (int __fd, void *__buf, size_t __nbyte ));
                         ^
make: *** [obj/default/pacemaker.o] Error 1
03:09:10 **** Incremental Build of configuration Nios II for project Pacemaker ****
make all 
Info: Building ../Pacemaker_bsp/
C:/intelFPGA_lite/16.1/nios2eds/bin/gnu/H-x86_64-mingw32/bin/make --no-print-directory -C ../Pacemaker_bsp/
[BSP build complete]
Info: Compiling pacemaker.c to obj/default/pacemaker.o
nios2-elf-gcc -xc -MP -MMD -c -I../Pacemaker_bsp//HAL/inc -I../Pacemaker_bsp/ -I../Pacemaker_bsp//drivers/inc  -pipe -D__hal__ -DALT_NO_INSTRUCTION_EMULATION -DALT_SINGLE_THREADED    -O0 -g -Wall   -mno-hw-div -mhw-mul -mno-hw-mulx -mgpopt=global  -o obj/default/pacemaker.o pacemaker.c
pacemaker.c: In function 'get_heart_signals':
pacemaker.c:77:2: warning: implicit declaration of function 'test_and_set' [-Wimplicit-function-declaration]
  test_and_set(&code);
  ^
pacemaker.c: At top level:
pacemaker.c:141:6: warning: conflicting types for 'test_and_set'
 void test_and_set(int* code)
      ^
pacemaker.c:77:2: note: previous implicit declaration of 'test_and_set' was here
  test_and_set(&code);
  ^
pacemaker.c: In function 'main':
pacemaker.c:208:3: warning: implicit declaration of function 'alt_irq_register' [-Wimplicit-function-declaration]
   alt_irq_register (BUTTONS_IRQ, NULL , get_heart_signals);
   ^
In file included from ../Pacemaker_bsp//drivers/inc/altera_avalon_pio_regs.h:34:0,
                 from pacemaker.c:18:
pacemaker.c:229:33: error: 'PIO_OUT_BASE' undeclared (first use in this function)
     IOWR_ALTERA_AVALON_PIO_DATA(PIO_OUT_BASE, 0x0);
                                 ^
../Pacemaker_bsp//HAL/inc/io.h:70:23: note: in definition of macro '__IO_CALC_ADDRESS_NATIVE'
   ((void *)(((alt_u8*)BASE) + ((REGNUM) * (SYSTEM_BUS_WIDTH/8))))
                       ^
../Pacemaker_bsp//drivers/inc/altera_avalon_pio_regs.h:38:55: note: in expansion of macro 'IOWR'
 #define IOWR_ALTERA_AVALON_PIO_DATA(base, data)       IOWR(base, 0, data)
                                                       ^
pacemaker.c:229:5: note: in expansion of macro 'IOWR_ALTERA_AVALON_PIO_DATA'
     IOWR_ALTERA_AVALON_PIO_DATA(PIO_OUT_BASE, 0x0);
     ^
pacemaker.c:229:33: note: each undeclared identifier is reported only once for each function it appears in
     IOWR_ALTERA_AVALON_PIO_DATA(PIO_OUT_BASE, 0x0);
                                 ^
../Pacemaker_bsp//HAL/inc/io.h:70:23: note: in definition of macro '__IO_CALC_ADDRESS_NATIVE'
   ((void *)(((alt_u8*)BASE) + ((REGNUM) * (SYSTEM_BUS_WIDTH/8))))
                       ^
../Pacemaker_bsp//drivers/inc/altera_avalon_pio_regs.h:38:55: note: in expansion of macro 'IOWR'
 #define IOWR_ALTERA_AVALON_PIO_DATA(base, data)       IOWR(base, 0, data)
                                                       ^
pacemaker.c:229:5: note: in expansion of macro 'IOWR_ALTERA_AVALON_PIO_DATA'
     IOWR_ALTERA_AVALON_PIO_DATA(PIO_OUT_BASE, 0x0);
     ^
pacemaker.c:234:9: warning: passing argument 1 of 'read' makes integer from pointer without a cast [-Wint-conversion]
    read(uart,heart_signal,1);
         ^
In file included from c:\intelfpga_lite\16.1\nios2eds\bin\gnu\h-x86_64-mingw32\nios2-elf\include\stdio.h:29:0,
                 from pacemaker.c:17:
c:\intelfpga_lite\16.1\nios2eds\bin\gnu\h-x86_64-mingw32\nios2-elf\include\sys\unistd.h:149:25: note: expected 'int' but argument is of type 'FILE * {aka struct __sFILE *}'
 _READ_WRITE_RETURN_TYPE _EXFUN(read, (int __fd, void *__buf, size_t __nbyte ));
                         ^
make: *** [obj/default/pacemaker.o] Error 1
03:10:42 **** Build of configuration Nios II for project Pacemaker ****
make all 
Info: Building ../Pacemaker_bsp/
C:/intelFPGA_lite/16.1/nios2eds/bin/gnu/H-x86_64-mingw32/bin/make --no-print-directory -C ../Pacemaker_bsp/
[BSP build complete]
Info: Compiling pacemaker.c to obj/default/pacemaker.o
nios2-elf-gcc -xc -MP -MMD -c -I../Pacemaker_bsp//HAL/inc -I../Pacemaker_bsp/ -I../Pacemaker_bsp//drivers/inc  -pipe -D__hal__ -DALT_NO_INSTRUCTION_EMULATION -DALT_SINGLE_THREADED    -O0 -g -Wall   -mno-hw-div -mhw-mul -mno-hw-mulx -mgpopt=global  -o obj/default/pacemaker.o pacemaker.c
pacemaker.c: In function 'get_heart_signals':
pacemaker.c:77:2: warning: implicit declaration of function 'test_and_set' [-Wimplicit-function-declaration]
  test_and_set(&code);
  ^
pacemaker.c: At top level:
pacemaker.c:141:6: warning: conflicting types for 'test_and_set'
 void test_and_set(int* code)
      ^
pacemaker.c:77:2: note: previous implicit declaration of 'test_and_set' was here
  test_and_set(&code);
  ^
pacemaker.c: In function 'main':
pacemaker.c:208:3: warning: implicit declaration of function 'alt_irq_register' [-Wimplicit-function-declaration]
   alt_irq_register (BUTTONS_IRQ, NULL , get_heart_signals);
   ^
pacemaker.c:232:9: warning: passing argument 1 of 'read' makes integer from pointer without a cast [-Wint-conversion]
    read(uart,heart_signal,1);
         ^
In file included from c:\intelfpga_lite\16.1\nios2eds\bin\gnu\h-x86_64-mingw32\nios2-elf\include\stdio.h:29:0,
                 from pacemaker.c:17:
c:\intelfpga_lite\16.1\nios2eds\bin\gnu\h-x86_64-mingw32\nios2-elf\include\sys\unistd.h:149:25: note: expected 'int' but argument is of type 'FILE * {aka struct __sFILE *}'
 _READ_WRITE_RETURN_TYPE _EXFUN(read, (int __fd, void *__buf, size_t __nbyte ));
                         ^
Info: Linking Pacemaker.elf
nios2-elf-g++  -T'../Pacemaker_bsp//linker.x' -msys-crt0='../Pacemaker_bsp//obj/HAL/src/crt0.o' -msys-lib=hal_bsp -L../Pacemaker_bsp/   -Wl,-Map=Pacemaker.map   -O0 -g -Wall   -mno-hw-div -mhw-mul -mno-hw-mulx -mgpopt=global  -o Pacemaker.elf obj/default/pacemaker.o obj/default/pacemaker_fsm.o -lm -msys-lib=m
nios2-elf-insert Pacemaker.elf --thread_model hal --cpu_name cpu --qsys true --simulation_enabled false --id 308784078 --sidp 0x0 --timestamp 1502336826 --stderr_dev jtag_uart --stdin_dev jtag_uart --stdout_dev jtag_uart --sopc_system_name nios2_system --quartus_project_dir "C:/Users/ambib/OneDrive/Desktop/compsys-lab1" --jdi ../..//output_files/lab1.jdi --sopcinfo C:/Users/ambib/OneDrive/Desktop/compsys-lab1/software/Pacemaker_bsp/../../nios2_system.sopcinfo
Info: (Pacemaker.elf) 91 KBytes program size (code + initialized data).
Info:                 8093 KBytes free for stack + heap.
Info: Creating Pacemaker.objdump
nios2-elf-objdump --disassemble --syms --all-header --source Pacemaker.elf >Pacemaker.objdump
[Pacemaker build complete]
03:10:48 **** Incremental Build of configuration Nios II for project Pacemaker ****
make all 
Info: Building ../Pacemaker_bsp/
C:/intelFPGA_lite/16.1/nios2eds/bin/gnu/H-x86_64-mingw32/bin/make --no-print-directory -C ../Pacemaker_bsp/
[BSP build complete]
[Pacemaker build complete]
03:12:26 **** Build of configuration Nios II for project Pacemaker ****
make all 
Info: Building ../Pacemaker_bsp/
C:/intelFPGA_lite/16.1/nios2eds/bin/gnu/H-x86_64-mingw32/bin/make --no-print-directory -C ../Pacemaker_bsp/
[BSP build complete]
Info: Compiling pacemaker.c to obj/default/pacemaker.o
nios2-elf-gcc -xc -MP -MMD -c -I../Pacemaker_bsp//HAL/inc -I../Pacemaker_bsp/ -I../Pacemaker_bsp//drivers/inc  -pipe -D__hal__ -DALT_NO_INSTRUCTION_EMULATION -DALT_SINGLE_THREADED    -O0 -g -Wall   -mno-hw-div -mhw-mul -mno-hw-mulx -mgpopt=global  -o obj/default/pacemaker.o pacemaker.c
pacemaker.c: In function 'get_heart_signals':
pacemaker.c:77:2: warning: implicit declaration of function 'test_and_set' [-Wimplicit-function-declaration]
  test_and_set(&code);
  ^
pacemaker.c: In function 'get_uart_contents':
pacemaker.c:105:21: warning: variable 'data' set but not used [-Wunused-but-set-variable]
  unsigned short int data,status;
                     ^
pacemaker.c: At top level:
pacemaker.c:146:6: warning: conflicting types for 'test_and_set'
 void test_and_set(int* code)
      ^
pacemaker.c:77:2: note: previous implicit declaration of 'test_and_set' was here
  test_and_set(&code);
  ^
pacemaker.c: In function 'main':
pacemaker.c:213:3: warning: implicit declaration of function 'alt_irq_register' [-Wimplicit-function-declaration]
   alt_irq_register (BUTTONS_IRQ, NULL , get_heart_signals);
   ^
pacemaker.c:237:9: warning: passing argument 1 of 'read' makes integer from pointer without a cast [-Wint-conversion]
    read(uart,heart_signal,1);
         ^
In file included from c:\intelfpga_lite\16.1\nios2eds\bin\gnu\h-x86_64-mingw32\nios2-elf\include\stdio.h:29:0,
                 from pacemaker.c:17:
c:\intelfpga_lite\16.1\nios2eds\bin\gnu\h-x86_64-mingw32\nios2-elf\include\sys\unistd.h:149:25: note: expected 'int' but argument is of type 'FILE * {aka struct __sFILE *}'
 _READ_WRITE_RETURN_TYPE _EXFUN(read, (int __fd, void *__buf, size_t __nbyte ));
                         ^
Info: Linking Pacemaker.elf
nios2-elf-g++  -T'../Pacemaker_bsp//linker.x' -msys-crt0='../Pacemaker_bsp//obj/HAL/src/crt0.o' -msys-lib=hal_bsp -L../Pacemaker_bsp/   -Wl,-Map=Pacemaker.map   -O0 -g -Wall   -mno-hw-div -mhw-mul -mno-hw-mulx -mgpopt=global  -o Pacemaker.elf obj/default/pacemaker.o obj/default/pacemaker_fsm.o -lm -msys-lib=m
nios2-elf-insert Pacemaker.elf --thread_model hal --cpu_name cpu --qsys true --simulation_enabled false --id 308784078 --sidp 0x0 --timestamp 1502336826 --stderr_dev jtag_uart --stdin_dev jtag_uart --stdout_dev jtag_uart --sopc_system_name nios2_system --quartus_project_dir "C:/Users/ambib/OneDrive/Desktop/compsys-lab1" --jdi ../..//output_files/lab1.jdi --sopcinfo C:/Users/ambib/OneDrive/Desktop/compsys-lab1/software/Pacemaker_bsp/../../nios2_system.sopcinfo
Info: (Pacemaker.elf) 91 KBytes program size (code + initialized data).
Info:                 8093 KBytes free for stack + heap.
Info: Creating Pacemaker.objdump
nios2-elf-objdump --disassemble --syms --all-header --source Pacemaker.elf >Pacemaker.objdump
[Pacemaker build complete]
03:12:30 **** Incremental Build of configuration Nios II for project Pacemaker ****
make all 
Info: Building ../Pacemaker_bsp/
C:/intelFPGA_lite/16.1/nios2eds/bin/gnu/H-x86_64-mingw32/bin/make --no-print-directory -C ../Pacemaker_bsp/
[BSP build complete]
[Pacemaker build complete]
03:13:17 **** Build of configuration Nios II for project Pacemaker ****
make all 
Info: Building ../Pacemaker_bsp/
C:/intelFPGA_lite/16.1/nios2eds/bin/gnu/H-x86_64-mingw32/bin/make --no-print-directory -C ../Pacemaker_bsp/
[BSP build complete]
Info: Compiling pacemaker.c to obj/default/pacemaker.o
nios2-elf-gcc -xc -MP -MMD -c -I../Pacemaker_bsp//HAL/inc -I../Pacemaker_bsp/ -I../Pacemaker_bsp//drivers/inc  -pipe -D__hal__ -DALT_NO_INSTRUCTION_EMULATION -DALT_SINGLE_THREADED    -O0 -g -Wall   -mno-hw-div -mhw-mul -mno-hw-mulx -mgpopt=global  -o obj/default/pacemaker.o pacemaker.c
pacemaker.c: In function 'get_heart_signals':
pacemaker.c:77:2: warning: implicit declaration of function 'test_and_set' [-Wimplicit-function-declaration]
  test_and_set(&code);
  ^
pacemaker.c: In function 'get_uart_contents':
pacemaker.c:105:21: warning: variable 'data' set but not used [-Wunused-but-set-variable]
  unsigned short int data,status;
                     ^
pacemaker.c: At top level:
pacemaker.c:146:6: warning: conflicting types for 'test_and_set'
 void test_and_set(int* code)
      ^
pacemaker.c:77:2: note: previous implicit declaration of 'test_and_set' was here
  test_and_set(&code);
  ^
pacemaker.c: In function 'main':
pacemaker.c:213:3: warning: implicit declaration of function 'alt_irq_register' [-Wimplicit-function-declaration]
   alt_irq_register (BUTTONS_IRQ, NULL , get_heart_signals);
   ^
Info: Linking Pacemaker.elf
nios2-elf-g++  -T'../Pacemaker_bsp//linker.x' -msys-crt0='../Pacemaker_bsp//obj/HAL/src/crt0.o' -msys-lib=hal_bsp -L../Pacemaker_bsp/   -Wl,-Map=Pacemaker.map   -O0 -g -Wall   -mno-hw-div -mhw-mul -mno-hw-mulx -mgpopt=global  -o Pacemaker.elf obj/default/pacemaker.o obj/default/pacemaker_fsm.o -lm -msys-lib=m
nios2-elf-insert Pacemaker.elf --thread_model hal --cpu_name cpu --qsys true --simulation_enabled false --id 308784078 --sidp 0x0 --timestamp 1502336826 --stderr_dev jtag_uart --stdin_dev jtag_uart --stdout_dev jtag_uart --sopc_system_name nios2_system --quartus_project_dir "C:/Users/ambib/OneDrive/Desktop/compsys-lab1" --jdi ../..//output_files/lab1.jdi --sopcinfo C:/Users/ambib/OneDrive/Desktop/compsys-lab1/software/Pacemaker_bsp/../../nios2_system.sopcinfo
Info: (Pacemaker.elf) 91 KBytes program size (code + initialized data).
Info:                 8093 KBytes free for stack + heap.
Info: Creating Pacemaker.objdump
nios2-elf-objdump --disassemble --syms --all-header --source Pacemaker.elf >Pacemaker.objdump
[Pacemaker build complete]
03:13:22 **** Incremental Build of configuration Nios II for project Pacemaker ****
make all 
Info: Building ../Pacemaker_bsp/
C:/intelFPGA_lite/16.1/nios2eds/bin/gnu/H-x86_64-mingw32/bin/make --no-print-directory -C ../Pacemaker_bsp/
[BSP build complete]
[Pacemaker build complete]
03:14:52 **** Build of configuration Nios II for project Pacemaker ****
make all 
Info: Building ../Pacemaker_bsp/
C:/intelFPGA_lite/16.1/nios2eds/bin/gnu/H-x86_64-mingw32/bin/make --no-print-directory -C ../Pacemaker_bsp/
[BSP build complete]
Info: Compiling pacemaker.c to obj/default/pacemaker.o
nios2-elf-gcc -xc -MP -MMD -c -I../Pacemaker_bsp//HAL/inc -I../Pacemaker_bsp/ -I../Pacemaker_bsp//drivers/inc  -pipe -D__hal__ -DALT_NO_INSTRUCTION_EMULATION -DALT_SINGLE_THREADED    -O0 -g -Wall   -mno-hw-div -mhw-mul -mno-hw-mulx -mgpopt=global  -o obj/default/pacemaker.o pacemaker.c
pacemaker.c: In function 'get_heart_signals':
pacemaker.c:77:2: warning: implicit declaration of function 'test_and_set' [-Wimplicit-function-declaration]
  test_and_set(&code);
  ^
pacemaker.c: At top level:
pacemaker.c:146:6: warning: conflicting types for 'test_and_set'
 void test_and_set(int* code)
      ^
pacemaker.c:77:2: note: previous implicit declaration of 'test_and_set' was here
  test_and_set(&code);
  ^
pacemaker.c: In function 'main':
pacemaker.c:213:3: warning: implicit declaration of function 'alt_irq_register' [-Wimplicit-function-declaration]
   alt_irq_register (BUTTONS_IRQ, NULL , get_heart_signals);
   ^
Info: Linking Pacemaker.elf
nios2-elf-g++  -T'../Pacemaker_bsp//linker.x' -msys-crt0='../Pacemaker_bsp//obj/HAL/src/crt0.o' -msys-lib=hal_bsp -L../Pacemaker_bsp/   -Wl,-Map=Pacemaker.map   -O0 -g -Wall   -mno-hw-div -mhw-mul -mno-hw-mulx -mgpopt=global  -o Pacemaker.elf obj/default/pacemaker.o obj/default/pacemaker_fsm.o -lm -msys-lib=m
nios2-elf-insert Pacemaker.elf --thread_model hal --cpu_name cpu --qsys true --simulation_enabled false --id 308784078 --sidp 0x0 --timestamp 1502336826 --stderr_dev jtag_uart --stdin_dev jtag_uart --stdout_dev jtag_uart --sopc_system_name nios2_system --quartus_project_dir "C:/Users/ambib/OneDrive/Desktop/compsys-lab1" --jdi ../..//output_files/lab1.jdi --sopcinfo C:/Users/ambib/OneDrive/Desktop/compsys-lab1/software/Pacemaker_bsp/../../nios2_system.sopcinfo
Info: (Pacemaker.elf) 91 KBytes program size (code + initialized data).
Info:                 8093 KBytes free for stack + heap.
Info: Creating Pacemaker.objdump
nios2-elf-objdump --disassemble --syms --all-header --source Pacemaker.elf >Pacemaker.objdump
[Pacemaker build complete]
03:14:56 **** Incremental Build of configuration Nios II for project Pacemaker ****
make all 
Info: Building ../Pacemaker_bsp/
C:/intelFPGA_lite/16.1/nios2eds/bin/gnu/H-x86_64-mingw32/bin/make --no-print-directory -C ../Pacemaker_bsp/
[BSP build complete]
[Pacemaker build complete]
03:25:34 **** Build of configuration Nios II for project Pacemaker ****
make all 
Info: Building ../Pacemaker_bsp/
C:/intelFPGA_lite/16.1/nios2eds/bin/gnu/H-x86_64-mingw32/bin/make --no-print-directory -C ../Pacemaker_bsp/
[BSP build complete]
Info: Compiling pacemaker.c to obj/default/pacemaker.o
nios2-elf-gcc -xc -MP -MMD -c -I../Pacemaker_bsp//HAL/inc -I../Pacemaker_bsp/ -I../Pacemaker_bsp//drivers/inc  -pipe -D__hal__ -DALT_NO_INSTRUCTION_EMULATION -DALT_SINGLE_THREADED    -O0 -g -Wall   -mno-hw-div -mhw-mul -mno-hw-mulx -mgpopt=global  -o obj/default/pacemaker.o pacemaker.c
pacemaker.c: In function 'get_heart_signals':
pacemaker.c:77:2: warning: implicit declaration of function 'test_and_set' [-Wimplicit-function-declaration]
  test_and_set(&code);
  ^
pacemaker.c: At top level:
pacemaker.c:140:6: warning: conflicting types for 'test_and_set'
 void test_and_set(int* code)
      ^
pacemaker.c:77:2: note: previous implicit declaration of 'test_and_set' was here
  test_and_set(&code);
  ^
pacemaker.c: In function 'main':
pacemaker.c:206:3: warning: implicit declaration of function 'alt_irq_register' [-Wimplicit-function-declaration]
   alt_irq_register (BUTTONS_IRQ, NULL , get_heart_signals);
   ^
Info: Linking Pacemaker.elf
nios2-elf-g++  -T'../Pacemaker_bsp//linker.x' -msys-crt0='../Pacemaker_bsp//obj/HAL/src/crt0.o' -msys-lib=hal_bsp -L../Pacemaker_bsp/   -Wl,-Map=Pacemaker.map   -O0 -g -Wall   -mno-hw-div -mhw-mul -mno-hw-mulx -mgpopt=global  -o Pacemaker.elf obj/default/pacemaker.o obj/default/pacemaker_fsm.o -lm -msys-lib=m
nios2-elf-insert Pacemaker.elf --thread_model hal --cpu_name cpu --qsys true --simulation_enabled false --id 308784078 --sidp 0x0 --timestamp 1502336826 --stderr_dev jtag_uart --stdin_dev jtag_uart --stdout_dev jtag_uart --sopc_system_name nios2_system --quartus_project_dir "C:/Users/ambib/OneDrive/Desktop/compsys-lab1" --jdi ../..//output_files/lab1.jdi --sopcinfo C:/Users/ambib/OneDrive/Desktop/compsys-lab1/software/Pacemaker_bsp/../../nios2_system.sopcinfo
Info: (Pacemaker.elf) 91 KBytes program size (code + initialized data).
Info:                 8093 KBytes free for stack + heap.
Info: Creating Pacemaker.objdump
nios2-elf-objdump --disassemble --syms --all-header --source Pacemaker.elf >Pacemaker.objdump
[Pacemaker build complete]
03:25:38 **** Incremental Build of configuration Nios II for project Pacemaker ****
make all 
Info: Building ../Pacemaker_bsp/
C:/intelFPGA_lite/16.1/nios2eds/bin/gnu/H-x86_64-mingw32/bin/make --no-print-directory -C ../Pacemaker_bsp/
[BSP build complete]
[Pacemaker build complete]
03:26:11 **** Build of configuration Nios II for project Pacemaker ****
make all 
Info: Building ../Pacemaker_bsp/
C:/intelFPGA_lite/16.1/nios2eds/bin/gnu/H-x86_64-mingw32/bin/make --no-print-directory -C ../Pacemaker_bsp/
[BSP build complete]
[Pacemaker build complete]
03:26:13 **** Incremental Build of configuration Nios II for project Pacemaker ****
make all 
Info: Building ../Pacemaker_bsp/
C:/intelFPGA_lite/16.1/nios2eds/bin/gnu/H-x86_64-mingw32/bin/make --no-print-directory -C ../Pacemaker_bsp/
[BSP build complete]
[Pacemaker build complete]
03:26:50 **** Build of configuration Nios II for project Pacemaker ****
make all 
Info: Building ../Pacemaker_bsp/
C:/intelFPGA_lite/16.1/nios2eds/bin/gnu/H-x86_64-mingw32/bin/make --no-print-directory -C ../Pacemaker_bsp/
[BSP build complete]
[Pacemaker build complete]
03:26:51 **** Incremental Build of configuration Nios II for project Pacemaker ****
make all 
Info: Building ../Pacemaker_bsp/
C:/intelFPGA_lite/16.1/nios2eds/bin/gnu/H-x86_64-mingw32/bin/make --no-print-directory -C ../Pacemaker_bsp/
[BSP build complete]
[Pacemaker build complete]
03:28:11 **** Build of configuration Nios II for project Pacemaker ****
make all 
Info: Building ../Pacemaker_bsp/
C:/intelFPGA_lite/16.1/nios2eds/bin/gnu/H-x86_64-mingw32/bin/make --no-print-directory -C ../Pacemaker_bsp/
[BSP build complete]
[Pacemaker build complete]
03:28:13 **** Incremental Build of configuration Nios II for project Pacemaker ****
make all 
Info: Building ../Pacemaker_bsp/
C:/intelFPGA_lite/16.1/nios2eds/bin/gnu/H-x86_64-mingw32/bin/make --no-print-directory -C ../Pacemaker_bsp/
[BSP build complete]
[Pacemaker build complete]
03:28:35 **** Build of configuration Nios II for project Pacemaker ****
make all 
Info: Building ../Pacemaker_bsp/
C:/intelFPGA_lite/16.1/nios2eds/bin/gnu/H-x86_64-mingw32/bin/make --no-print-directory -C ../Pacemaker_bsp/
[BSP build complete]
[Pacemaker build complete]
03:28:38 **** Incremental Build of configuration Nios II for project Pacemaker ****
make all 
Info: Building ../Pacemaker_bsp/
C:/intelFPGA_lite/16.1/nios2eds/bin/gnu/H-x86_64-mingw32/bin/make --no-print-directory -C ../Pacemaker_bsp/
[BSP build complete]
[Pacemaker build complete]
03:29:15 **** Build of configuration Nios II for project Pacemaker ****
make all 
Info: Building ../Pacemaker_bsp/
C:/intelFPGA_lite/16.1/nios2eds/bin/gnu/H-x86_64-mingw32/bin/make --no-print-directory -C ../Pacemaker_bsp/
[BSP build complete]
Info: Compiling pacemaker.c to obj/default/pacemaker.o
nios2-elf-gcc -xc -MP -MMD -c -I../Pacemaker_bsp//HAL/inc -I../Pacemaker_bsp/ -I../Pacemaker_bsp//drivers/inc  -pipe -D__hal__ -DALT_NO_INSTRUCTION_EMULATION -DALT_SINGLE_THREADED    -O0 -g -Wall   -mno-hw-div -mhw-mul -mno-hw-mulx -mgpopt=global  -o obj/default/pacemaker.o pacemaker.c
pacemaker.c: In function 'get_heart_signals':
pacemaker.c:77:2: warning: implicit declaration of function 'test_and_set' [-Wimplicit-function-declaration]
  test_and_set(&code);
  ^
pacemaker.c: At top level:
pacemaker.c:140:6: warning: conflicting types for 'test_and_set'
 void test_and_set(int* code)
      ^
pacemaker.c:77:2: note: previous implicit declaration of 'test_and_set' was here
  test_and_set(&code);
  ^
pacemaker.c: In function 'main':
pacemaker.c:206:3: warning: implicit declaration of function 'alt_irq_register' [-Wimplicit-function-declaration]
   alt_irq_register (BUTTONS_IRQ, NULL , get_heart_signals);
   ^
Info: Linking Pacemaker.elf
nios2-elf-g++  -T'../Pacemaker_bsp//linker.x' -msys-crt0='../Pacemaker_bsp//obj/HAL/src/crt0.o' -msys-lib=hal_bsp -L../Pacemaker_bsp/   -Wl,-Map=Pacemaker.map   -O0 -g -Wall   -mno-hw-div -mhw-mul -mno-hw-mulx -mgpopt=global  -o Pacemaker.elf obj/default/pacemaker.o obj/default/pacemaker_fsm.o -lm -msys-lib=m
nios2-elf-insert Pacemaker.elf --thread_model hal --cpu_name cpu --qsys true --simulation_enabled false --id 308784078 --sidp 0x0 --timestamp 1502336826 --stderr_dev jtag_uart --stdin_dev jtag_uart --stdout_dev jtag_uart --sopc_system_name nios2_system --quartus_project_dir "C:/Users/ambib/OneDrive/Desktop/compsys-lab1" --jdi ../..//output_files/lab1.jdi --sopcinfo C:/Users/ambib/OneDrive/Desktop/compsys-lab1/software/Pacemaker_bsp/../../nios2_system.sopcinfo
Info: (Pacemaker.elf) 91 KBytes program size (code + initialized data).
Info:                 8093 KBytes free for stack + heap.
Info: Creating Pacemaker.objdump
nios2-elf-objdump --disassemble --syms --all-header --source Pacemaker.elf >Pacemaker.objdump
[Pacemaker build complete]
03:29:20 **** Incremental Build of configuration Nios II for project Pacemaker ****
make all 
Info: Building ../Pacemaker_bsp/
C:/intelFPGA_lite/16.1/nios2eds/bin/gnu/H-x86_64-mingw32/bin/make --no-print-directory -C ../Pacemaker_bsp/
[BSP build complete]
[Pacemaker build complete]
03:31:55 **** Build of configuration Nios II for project Pacemaker ****
make all 
Info: Building ../Pacemaker_bsp/
C:/intelFPGA_lite/16.1/nios2eds/bin/gnu/H-x86_64-mingw32/bin/make --no-print-directory -C ../Pacemaker_bsp/
[BSP build complete]
Info: Compiling pacemaker.c to obj/default/pacemaker.o
nios2-elf-gcc -xc -MP -MMD -c -I../Pacemaker_bsp//HAL/inc -I../Pacemaker_bsp/ -I../Pacemaker_bsp//drivers/inc  -pipe -D__hal__ -DALT_NO_INSTRUCTION_EMULATION -DALT_SINGLE_THREADED    -O0 -g -Wall   -mno-hw-div -mhw-mul -mno-hw-mulx -mgpopt=global  -o obj/default/pacemaker.o pacemaker.c
pacemaker.c: In function 'get_heart_signals':
pacemaker.c:77:2: warning: implicit declaration of function 'test_and_set' [-Wimplicit-function-declaration]
  test_and_set(&code);
  ^
pacemaker.c: In function 'get_uart_contents':
pacemaker.c:105:10: warning: comparison between pointer and integer
  if(data == "V")
          ^
pacemaker.c:105:10: warning: comparison with string literal results in unspecified behavior [-Waddress]
pacemaker.c:110:10: warning: comparison between pointer and integer
  if(data == "A")
          ^
pacemaker.c:110:10: warning: comparison with string literal results in unspecified behavior [-Waddress]
pacemaker.c: At top level:
pacemaker.c:150:6: warning: conflicting types for 'test_and_set'
 void test_and_set(int* code)
      ^
pacemaker.c:77:2: note: previous implicit declaration of 'test_and_set' was here
  test_and_set(&code);
  ^
pacemaker.c: In function 'main':
pacemaker.c:216:3: warning: implicit declaration of function 'alt_irq_register' [-Wimplicit-function-declaration]
   alt_irq_register (BUTTONS_IRQ, NULL , get_heart_signals);
   ^
Info: Linking Pacemaker.elf
nios2-elf-g++  -T'../Pacemaker_bsp//linker.x' -msys-crt0='../Pacemaker_bsp//obj/HAL/src/crt0.o' -msys-lib=hal_bsp -L../Pacemaker_bsp/   -Wl,-Map=Pacemaker.map   -O0 -g -Wall   -mno-hw-div -mhw-mul -mno-hw-mulx -mgpopt=global  -o Pacemaker.elf obj/default/pacemaker.o obj/default/pacemaker_fsm.o -lm -msys-lib=m
nios2-elf-insert Pacemaker.elf --thread_model hal --cpu_name cpu --qsys true --simulation_enabled false --id 308784078 --sidp 0x0 --timestamp 1502336826 --stderr_dev jtag_uart --stdin_dev jtag_uart --stdout_dev jtag_uart --sopc_system_name nios2_system --quartus_project_dir "C:/Users/ambib/OneDrive/Desktop/compsys-lab1" --jdi ../..//output_files/lab1.jdi --sopcinfo C:/Users/ambib/OneDrive/Desktop/compsys-lab1/software/Pacemaker_bsp/../../nios2_system.sopcinfo
Info: (Pacemaker.elf) 91 KBytes program size (code + initialized data).
Info:                 8093 KBytes free for stack + heap.
Info: Creating Pacemaker.objdump
nios2-elf-objdump --disassemble --syms --all-header --source Pacemaker.elf >Pacemaker.objdump
[Pacemaker build complete]
03:32:00 **** Incremental Build of configuration Nios II for project Pacemaker ****
make all 
Info: Building ../Pacemaker_bsp/
C:/intelFPGA_lite/16.1/nios2eds/bin/gnu/H-x86_64-mingw32/bin/make --no-print-directory -C ../Pacemaker_bsp/
[BSP build complete]
[Pacemaker build complete]
03:32:25 **** Build of configuration Nios II for project Pacemaker ****
make all 
Info: Building ../Pacemaker_bsp/
C:/intelFPGA_lite/16.1/nios2eds/bin/gnu/H-x86_64-mingw32/bin/make --no-print-directory -C ../Pacemaker_bsp/
[BSP build complete]
[Pacemaker build complete]
03:32:27 **** Incremental Build of configuration Nios II for project Pacemaker ****
make all 
Info: Building ../Pacemaker_bsp/
C:/intelFPGA_lite/16.1/nios2eds/bin/gnu/H-x86_64-mingw32/bin/make --no-print-directory -C ../Pacemaker_bsp/
[BSP build complete]
[Pacemaker build complete]
03:32:55 **** Build of configuration Nios II for project Pacemaker ****
make all 
Info: Building ../Pacemaker_bsp/
C:/intelFPGA_lite/16.1/nios2eds/bin/gnu/H-x86_64-mingw32/bin/make --no-print-directory -C ../Pacemaker_bsp/
[BSP build complete]
Info: Compiling pacemaker.c to obj/default/pacemaker.o
nios2-elf-gcc -xc -MP -MMD -c -I../Pacemaker_bsp//HAL/inc -I../Pacemaker_bsp/ -I../Pacemaker_bsp//drivers/inc  -pipe -D__hal__ -DALT_NO_INSTRUCTION_EMULATION -DALT_SINGLE_THREADED    -O0 -g -Wall   -mno-hw-div -mhw-mul -mno-hw-mulx -mgpopt=global  -o obj/default/pacemaker.o pacemaker.c
pacemaker.c: In function 'get_heart_signals':
pacemaker.c:77:2: warning: implicit declaration of function 'test_and_set' [-Wimplicit-function-declaration]
  test_and_set(&code);
  ^
pacemaker.c: At top level:
pacemaker.c:150:6: warning: conflicting types for 'test_and_set'
 void test_and_set(int* code)
      ^
pacemaker.c:77:2: note: previous implicit declaration of 'test_and_set' was here
  test_and_set(&code);
  ^
pacemaker.c: In function 'main':
pacemaker.c:216:3: warning: implicit declaration of function 'alt_irq_register' [-Wimplicit-function-declaration]
   alt_irq_register (BUTTONS_IRQ, NULL , get_heart_signals);
   ^
Info: Linking Pacemaker.elf
nios2-elf-g++  -T'../Pacemaker_bsp//linker.x' -msys-crt0='../Pacemaker_bsp//obj/HAL/src/crt0.o' -msys-lib=hal_bsp -L../Pacemaker_bsp/   -Wl,-Map=Pacemaker.map   -O0 -g -Wall   -mno-hw-div -mhw-mul -mno-hw-mulx -mgpopt=global  -o Pacemaker.elf obj/default/pacemaker.o obj/default/pacemaker_fsm.o -lm -msys-lib=m
nios2-elf-insert Pacemaker.elf --thread_model hal --cpu_name cpu --qsys true --simulation_enabled false --id 308784078 --sidp 0x0 --timestamp 1502336826 --stderr_dev jtag_uart --stdin_dev jtag_uart --stdout_dev jtag_uart --sopc_system_name nios2_system --quartus_project_dir "C:/Users/ambib/OneDrive/Desktop/compsys-lab1" --jdi ../..//output_files/lab1.jdi --sopcinfo C:/Users/ambib/OneDrive/Desktop/compsys-lab1/software/Pacemaker_bsp/../../nios2_system.sopcinfo
Info: (Pacemaker.elf) 91 KBytes program size (code + initialized data).
Info:                 8093 KBytes free for stack + heap.
Info: Creating Pacemaker.objdump
nios2-elf-objdump --disassemble --syms --all-header --source Pacemaker.elf >Pacemaker.objdump
[Pacemaker build complete]
03:33:00 **** Incremental Build of configuration Nios II for project Pacemaker ****
make all 
Info: Building ../Pacemaker_bsp/
C:/intelFPGA_lite/16.1/nios2eds/bin/gnu/H-x86_64-mingw32/bin/make --no-print-directory -C ../Pacemaker_bsp/
[BSP build complete]
[Pacemaker build complete]
03:34:11 **** Build of configuration Nios II for project Pacemaker ****
make all 
Info: Building ../Pacemaker_bsp/
C:/intelFPGA_lite/16.1/nios2eds/bin/gnu/H-x86_64-mingw32/bin/make --no-print-directory -C ../Pacemaker_bsp/
[BSP build complete]
Info: Compiling pacemaker.c to obj/default/pacemaker.o
nios2-elf-gcc -xc -MP -MMD -c -I../Pacemaker_bsp//HAL/inc -I../Pacemaker_bsp/ -I../Pacemaker_bsp//drivers/inc  -pipe -D__hal__ -DALT_NO_INSTRUCTION_EMULATION -DALT_SINGLE_THREADED    -O0 -g -Wall   -mno-hw-div -mhw-mul -mno-hw-mulx -mgpopt=global  -o obj/default/pacemaker.o pacemaker.c
pacemaker.c: In function 'get_heart_signals':
pacemaker.c:77:2: warning: implicit declaration of function 'test_and_set' [-Wimplicit-function-declaration]
  test_and_set(&code);
  ^
pacemaker.c: In function 'get_uart_contents':
pacemaker.c:107:10: warning: format '%c' expects a matching 'int' argument [-Wformat=]
   printf("%c FUCK\n");
          ^
pacemaker.c:107:10: warning: format '%c' expects a matching 'int' argument [-Wformat=]
pacemaker.c:112:10: warning: format '%c' expects a matching 'int' argument [-Wformat=]
   printf("%c ME\n");
          ^
pacemaker.c:112:10: warning: format '%c' expects a matching 'int' argument [-Wformat=]
pacemaker.c: At top level:
pacemaker.c:150:6: warning: conflicting types for 'test_and_set'
 void test_and_set(int* code)
      ^
pacemaker.c:77:2: note: previous implicit declaration of 'test_and_set' was here
  test_and_set(&code);
  ^
pacemaker.c: In function 'main':
pacemaker.c:216:3: warning: implicit declaration of function 'alt_irq_register' [-Wimplicit-function-declaration]
   alt_irq_register (BUTTONS_IRQ, NULL , get_heart_signals);
   ^
Info: Linking Pacemaker.elf
nios2-elf-g++  -T'../Pacemaker_bsp//linker.x' -msys-crt0='../Pacemaker_bsp//obj/HAL/src/crt0.o' -msys-lib=hal_bsp -L../Pacemaker_bsp/   -Wl,-Map=Pacemaker.map   -O0 -g -Wall   -mno-hw-div -mhw-mul -mno-hw-mulx -mgpopt=global  -o Pacemaker.elf obj/default/pacemaker.o obj/default/pacemaker_fsm.o -lm -msys-lib=m
nios2-elf-insert Pacemaker.elf --thread_model hal --cpu_name cpu --qsys true --simulation_enabled false --id 308784078 --sidp 0x0 --timestamp 1502336826 --stderr_dev jtag_uart --stdin_dev jtag_uart --stdout_dev jtag_uart --sopc_system_name nios2_system --quartus_project_dir "C:/Users/ambib/OneDrive/Desktop/compsys-lab1" --jdi ../..//output_files/lab1.jdi --sopcinfo C:/Users/ambib/OneDrive/Desktop/compsys-lab1/software/Pacemaker_bsp/../../nios2_system.sopcinfo
Info: (Pacemaker.elf) 91 KBytes program size (code + initialized data).
Info:                 8093 KBytes free for stack + heap.
Info: Creating Pacemaker.objdump
nios2-elf-objdump --disassemble --syms --all-header --source Pacemaker.elf >Pacemaker.objdump
[Pacemaker build complete]
03:34:16 **** Incremental Build of configuration Nios II for project Pacemaker ****
make all 
Info: Building ../Pacemaker_bsp/
C:/intelFPGA_lite/16.1/nios2eds/bin/gnu/H-x86_64-mingw32/bin/make --no-print-directory -C ../Pacemaker_bsp/
[BSP build complete]
[Pacemaker build complete]
03:34:53 **** Build of configuration Nios II for project Pacemaker ****
make all 
Info: Building ../Pacemaker_bsp/
C:/intelFPGA_lite/16.1/nios2eds/bin/gnu/H-x86_64-mingw32/bin/make --no-print-directory -C ../Pacemaker_bsp/
[BSP build complete]
Info: Compiling pacemaker.c to obj/default/pacemaker.o
nios2-elf-gcc -xc -MP -MMD -c -I../Pacemaker_bsp//HAL/inc -I../Pacemaker_bsp/ -I../Pacemaker_bsp//drivers/inc  -pipe -D__hal__ -DALT_NO_INSTRUCTION_EMULATION -DALT_SINGLE_THREADED    -O0 -g -Wall   -mno-hw-div -mhw-mul -mno-hw-mulx -mgpopt=global  -o obj/default/pacemaker.o pacemaker.c
pacemaker.c: In function 'get_heart_signals':
pacemaker.c:77:2: warning: implicit declaration of function 'test_and_set' [-Wimplicit-function-declaration]
  test_and_set(&code);
  ^
pacemaker.c: At top level:
pacemaker.c:150:6: warning: conflicting types for 'test_and_set'
 void test_and_set(int* code)
      ^
pacemaker.c:77:2: note: previous implicit declaration of 'test_and_set' was here
  test_and_set(&code);
  ^
pacemaker.c: In function 'main':
pacemaker.c:216:3: warning: implicit declaration of function 'alt_irq_register' [-Wimplicit-function-declaration]
   alt_irq_register (BUTTONS_IRQ, NULL , get_heart_signals);
   ^
Info: Linking Pacemaker.elf
nios2-elf-g++  -T'../Pacemaker_bsp//linker.x' -msys-crt0='../Pacemaker_bsp//obj/HAL/src/crt0.o' -msys-lib=hal_bsp -L../Pacemaker_bsp/   -Wl,-Map=Pacemaker.map   -O0 -g -Wall   -mno-hw-div -mhw-mul -mno-hw-mulx -mgpopt=global  -o Pacemaker.elf obj/default/pacemaker.o obj/default/pacemaker_fsm.o -lm -msys-lib=m
nios2-elf-insert Pacemaker.elf --thread_model hal --cpu_name cpu --qsys true --simulation_enabled false --id 308784078 --sidp 0x0 --timestamp 1502336826 --stderr_dev jtag_uart --stdin_dev jtag_uart --stdout_dev jtag_uart --sopc_system_name nios2_system --quartus_project_dir "C:/Users/ambib/OneDrive/Desktop/compsys-lab1" --jdi ../..//output_files/lab1.jdi --sopcinfo C:/Users/ambib/OneDrive/Desktop/compsys-lab1/software/Pacemaker_bsp/../../nios2_system.sopcinfo
Info: (Pacemaker.elf) 91 KBytes program size (code + initialized data).
Info:                 8093 KBytes free for stack + heap.
Info: Creating Pacemaker.objdump
nios2-elf-objdump --disassemble --syms --all-header --source Pacemaker.elf >Pacemaker.objdump
[Pacemaker build complete]
03:34:57 **** Incremental Build of configuration Nios II for project Pacemaker ****
make all 
Info: Building ../Pacemaker_bsp/
C:/intelFPGA_lite/16.1/nios2eds/bin/gnu/H-x86_64-mingw32/bin/make --no-print-directory -C ../Pacemaker_bsp/
[BSP build complete]
[Pacemaker build complete]
03:57:43 **** Build of configuration Nios II for project Pacemaker ****
make all 
Info: Building ../Pacemaker_bsp/
C:/intelFPGA_lite/16.1/nios2eds/bin/gnu/H-x86_64-mingw32/bin/make --no-print-directory -C ../Pacemaker_bsp/
[BSP build complete]
Info: Compiling pacemaker.c to obj/default/pacemaker.o
nios2-elf-gcc -xc -MP -MMD -c -I../Pacemaker_bsp//HAL/inc -I../Pacemaker_bsp/ -I../Pacemaker_bsp//drivers/inc  -pipe -D__hal__ -DALT_NO_INSTRUCTION_EMULATION -DALT_SINGLE_THREADED    -O0 -g -Wall   -mno-hw-div -mhw-mul -mno-hw-mulx -mgpopt=global  -o obj/default/pacemaker.o pacemaker.c
pacemaker.c: In function 'get_heart_signals':
pacemaker.c:77:2: warning: implicit declaration of function 'test_and_set' [-Wimplicit-function-declaration]
  test_and_set(&code);
  ^
pacemaker.c: In function 'get_uart_contents':
pacemaker.c:114:10: error: expected expression before ')' token
  else if()
          ^
pacemaker.c: At top level:
pacemaker.c:157:6: warning: conflicting types for 'test_and_set'
 void test_and_set(int* code)
      ^
pacemaker.c:77:2: note: previous implicit declaration of 'test_and_set' was here
  test_and_set(&code);
  ^
pacemaker.c: In function 'main':
pacemaker.c:222:3: warning: implicit declaration of function 'alt_irq_register' [-Wimplicit-function-declaration]
   alt_irq_register (BUTTONS_IRQ, NULL , get_heart_signals);
   ^
pacemaker.c:384:5: error: 'asesne_flag' undeclared (first use in this function)
     asesne_flag = 0; // reset Vsense occured flag
     ^
pacemaker.c:384:5: note: each undeclared identifier is reported only once for each function it appears in
make: *** [obj/default/pacemaker.o] Error 1
03:57:45 **** Incremental Build of configuration Nios II for project Pacemaker ****
make all 
Info: Building ../Pacemaker_bsp/
C:/intelFPGA_lite/16.1/nios2eds/bin/gnu/H-x86_64-mingw32/bin/make --no-print-directory -C ../Pacemaker_bsp/
[BSP build complete]
Info: Compiling pacemaker.c to obj/default/pacemaker.o
nios2-elf-gcc -xc -MP -MMD -c -I../Pacemaker_bsp//HAL/inc -I../Pacemaker_bsp/ -I../Pacemaker_bsp//drivers/inc  -pipe -D__hal__ -DALT_NO_INSTRUCTION_EMULATION -DALT_SINGLE_THREADED    -O0 -g -Wall   -mno-hw-div -mhw-mul -mno-hw-mulx -mgpopt=global  -o obj/default/pacemaker.o pacemaker.c
pacemaker.c: In function 'get_heart_signals':
pacemaker.c:77:2: warning: implicit declaration of function 'test_and_set' [-Wimplicit-function-declaration]
  test_and_set(&code);
  ^
pacemaker.c: In function 'get_uart_contents':
pacemaker.c:114:10: error: expected expression before ')' token
  else if()
          ^
pacemaker.c: At top level:
pacemaker.c:157:6: warning: conflicting types for 'test_and_set'
 void test_and_set(int* code)
      ^
pacemaker.c:77:2: note: previous implicit declaration of 'test_and_set' was here
  test_and_set(&code);
  ^
pacemaker.c: In function 'main':
pacemaker.c:222:3: warning: implicit declaration of function 'alt_irq_register' [-Wimplicit-function-declaration]
   alt_irq_register (BUTTONS_IRQ, NULL , get_heart_signals);
   ^
pacemaker.c:384:5: error: 'asesne_flag' undeclared (first use in this function)
     asesne_flag = 0; // reset Vsense occured flag
     ^
pacemaker.c:384:5: note: each undeclared identifier is reported only once for each function it appears in
make: *** [obj/default/pacemaker.o] Error 1
03:58:23 **** Build of configuration Nios II for project Pacemaker ****
make all 
Info: Building ../Pacemaker_bsp/
C:/intelFPGA_lite/16.1/nios2eds/bin/gnu/H-x86_64-mingw32/bin/make --no-print-directory -C ../Pacemaker_bsp/
[BSP build complete]
Info: Compiling pacemaker.c to obj/default/pacemaker.o
nios2-elf-gcc -xc -MP -MMD -c -I../Pacemaker_bsp//HAL/inc -I../Pacemaker_bsp/ -I../Pacemaker_bsp//drivers/inc  -pipe -D__hal__ -DALT_NO_INSTRUCTION_EMULATION -DALT_SINGLE_THREADED    -O0 -g -Wall   -mno-hw-div -mhw-mul -mno-hw-mulx -mgpopt=global  -o obj/default/pacemaker.o pacemaker.c
pacemaker.c: In function 'get_heart_signals':
pacemaker.c:77:2: warning: implicit declaration of function 'test_and_set' [-Wimplicit-function-declaration]
  test_and_set(&code);
  ^
pacemaker.c: At top level:
pacemaker.c:157:6: warning: conflicting types for 'test_and_set'
 void test_and_set(int* code)
      ^
pacemaker.c:77:2: note: previous implicit declaration of 'test_and_set' was here
  test_and_set(&code);
  ^
pacemaker.c: In function 'main':
pacemaker.c:222:3: warning: implicit declaration of function 'alt_irq_register' [-Wimplicit-function-declaration]
   alt_irq_register (BUTTONS_IRQ, NULL , get_heart_signals);
   ^
pacemaker.c:384:5: error: 'asesne_flag' undeclared (first use in this function)
     asesne_flag = 0; // reset Vsense occured flag
     ^
pacemaker.c:384:5: note: each undeclared identifier is reported only once for each function it appears in
make: *** [obj/default/pacemaker.o] Error 1
03:58:25 **** Incremental Build of configuration Nios II for project Pacemaker ****
make all 
Info: Building ../Pacemaker_bsp/
C:/intelFPGA_lite/16.1/nios2eds/bin/gnu/H-x86_64-mingw32/bin/make --no-print-directory -C ../Pacemaker_bsp/
[BSP build complete]
Info: Compiling pacemaker.c to obj/default/pacemaker.o
nios2-elf-gcc -xc -MP -MMD -c -I../Pacemaker_bsp//HAL/inc -I../Pacemaker_bsp/ -I../Pacemaker_bsp//drivers/inc  -pipe -D__hal__ -DALT_NO_INSTRUCTION_EMULATION -DALT_SINGLE_THREADED    -O0 -g -Wall   -mno-hw-div -mhw-mul -mno-hw-mulx -mgpopt=global  -o obj/default/pacemaker.o pacemaker.c
pacemaker.c: In function 'get_heart_signals':
pacemaker.c:77:2: warning: implicit declaration of function 'test_and_set' [-Wimplicit-function-declaration]
  test_and_set(&code);
  ^
pacemaker.c: At top level:
pacemaker.c:157:6: warning: conflicting types for 'test_and_set'
 void test_and_set(int* code)
      ^
pacemaker.c:77:2: note: previous implicit declaration of 'test_and_set' was here
  test_and_set(&code);
  ^
pacemaker.c: In function 'main':
pacemaker.c:222:3: warning: implicit declaration of function 'alt_irq_register' [-Wimplicit-function-declaration]
   alt_irq_register (BUTTONS_IRQ, NULL , get_heart_signals);
   ^
pacemaker.c:384:5: error: 'asesne_flag' undeclared (first use in this function)
     asesne_flag = 0; // reset Vsense occured flag
     ^
pacemaker.c:384:5: note: each undeclared identifier is reported only once for each function it appears in
make: *** [obj/default/pacemaker.o] Error 1
03:58:48 **** Build of configuration Nios II for project Pacemaker ****
make all 
Info: Building ../Pacemaker_bsp/
C:/intelFPGA_lite/16.1/nios2eds/bin/gnu/H-x86_64-mingw32/bin/make --no-print-directory -C ../Pacemaker_bsp/
[BSP build complete]
Info: Compiling pacemaker.c to obj/default/pacemaker.o
nios2-elf-gcc -xc -MP -MMD -c -I../Pacemaker_bsp//HAL/inc -I../Pacemaker_bsp/ -I../Pacemaker_bsp//drivers/inc  -pipe -D__hal__ -DALT_NO_INSTRUCTION_EMULATION -DALT_SINGLE_THREADED    -O0 -g -Wall   -mno-hw-div -mhw-mul -mno-hw-mulx -mgpopt=global  -o obj/default/pacemaker.o pacemaker.c
pacemaker.c: In function 'get_heart_signals':
pacemaker.c:77:2: warning: implicit declaration of function 'test_and_set' [-Wimplicit-function-declaration]
  test_and_set(&code);
  ^
pacemaker.c: At top level:
pacemaker.c:157:6: warning: conflicting types for 'test_and_set'
 void test_and_set(int* code)
      ^
pacemaker.c:77:2: note: previous implicit declaration of 'test_and_set' was here
  test_and_set(&code);
  ^
pacemaker.c: In function 'main':
pacemaker.c:222:3: warning: implicit declaration of function 'alt_irq_register' [-Wimplicit-function-declaration]
   alt_irq_register (BUTTONS_IRQ, NULL , get_heart_signals);
   ^
Info: Linking Pacemaker.elf
nios2-elf-g++  -T'../Pacemaker_bsp//linker.x' -msys-crt0='../Pacemaker_bsp//obj/HAL/src/crt0.o' -msys-lib=hal_bsp -L../Pacemaker_bsp/   -Wl,-Map=Pacemaker.map   -O0 -g -Wall   -mno-hw-div -mhw-mul -mno-hw-mulx -mgpopt=global  -o Pacemaker.elf obj/default/pacemaker.o obj/default/pacemaker_fsm.o -lm -msys-lib=m
nios2-elf-insert Pacemaker.elf --thread_model hal --cpu_name cpu --qsys true --simulation_enabled false --id 308784078 --sidp 0x0 --timestamp 1502336826 --stderr_dev jtag_uart --stdin_dev jtag_uart --stdout_dev jtag_uart --sopc_system_name nios2_system --quartus_project_dir "C:/Users/ambib/OneDrive/Desktop/compsys-lab1" --jdi ../..//output_files/lab1.jdi --sopcinfo C:/Users/ambib/OneDrive/Desktop/compsys-lab1/software/Pacemaker_bsp/../../nios2_system.sopcinfo
Info: (Pacemaker.elf) 52 KBytes program size (code + initialized data).
Info:                 8132 KBytes free for stack + heap.
Info: Creating Pacemaker.objdump
nios2-elf-objdump --disassemble --syms --all-header --source Pacemaker.elf >Pacemaker.objdump
[Pacemaker build complete]
03:58:53 **** Incremental Build of configuration Nios II for project Pacemaker ****
make all 
Info: Building ../Pacemaker_bsp/
C:/intelFPGA_lite/16.1/nios2eds/bin/gnu/H-x86_64-mingw32/bin/make --no-print-directory -C ../Pacemaker_bsp/
[BSP build complete]
[Pacemaker build complete]
03:59:25 **** Build of configuration Nios II for project Pacemaker ****
make all 
Info: Building ../Pacemaker_bsp/
C:/intelFPGA_lite/16.1/nios2eds/bin/gnu/H-x86_64-mingw32/bin/make --no-print-directory -C ../Pacemaker_bsp/
[BSP build complete]
[Pacemaker build complete]
03:59:27 **** Incremental Build of configuration Nios II for project Pacemaker ****
make all 
Info: Building ../Pacemaker_bsp/
C:/intelFPGA_lite/16.1/nios2eds/bin/gnu/H-x86_64-mingw32/bin/make --no-print-directory -C ../Pacemaker_bsp/
[BSP build complete]
[Pacemaker build complete]
04:01:34 **** Build of configuration Nios II for project Pacemaker ****
make all 
Info: Building ../Pacemaker_bsp/
C:/intelFPGA_lite/16.1/nios2eds/bin/gnu/H-x86_64-mingw32/bin/make --no-print-directory -C ../Pacemaker_bsp/
[BSP build complete]
Info: Compiling pacemaker.c to obj/default/pacemaker.o
nios2-elf-gcc -xc -MP -MMD -c -I../Pacemaker_bsp//HAL/inc -I../Pacemaker_bsp/ -I../Pacemaker_bsp//drivers/inc  -pipe -D__hal__ -DALT_NO_INSTRUCTION_EMULATION -DALT_SINGLE_THREADED    -O0 -g -Wall   -mno-hw-div -mhw-mul -mno-hw-mulx -mgpopt=global  -o obj/default/pacemaker.o pacemaker.c
pacemaker.c: In function 'get_heart_signals':
pacemaker.c:77:2: warning: implicit declaration of function 'test_and_set' [-Wimplicit-function-declaration]
  test_and_set(&code);
  ^
pacemaker.c: At top level:
pacemaker.c:157:6: warning: conflicting types for 'test_and_set'
 void test_and_set(int* code)
      ^
pacemaker.c:77:2: note: previous implicit declaration of 'test_and_set' was here
  test_and_set(&code);
  ^
pacemaker.c: In function 'main':
pacemaker.c:222:3: warning: implicit declaration of function 'alt_irq_register' [-Wimplicit-function-declaration]
   alt_irq_register (BUTTONS_IRQ, NULL , get_heart_signals);
   ^
pacemaker.c:194:7: warning: unused variable 'heart_signal' [-Wunused-variable]
  char heart_signal[1];
       ^
Info: Linking Pacemaker.elf
nios2-elf-g++  -T'../Pacemaker_bsp//linker.x' -msys-crt0='../Pacemaker_bsp//obj/HAL/src/crt0.o' -msys-lib=hal_bsp -L../Pacemaker_bsp/   -Wl,-Map=Pacemaker.map   -O0 -g -Wall   -mno-hw-div -mhw-mul -mno-hw-mulx -mgpopt=global  -o Pacemaker.elf obj/default/pacemaker.o obj/default/pacemaker_fsm.o -lm -msys-lib=m
nios2-elf-insert Pacemaker.elf --thread_model hal --cpu_name cpu --qsys true --simulation_enabled false --id 308784078 --sidp 0x0 --timestamp 1502336826 --stderr_dev jtag_uart --stdin_dev jtag_uart --stdout_dev jtag_uart --sopc_system_name nios2_system --quartus_project_dir "C:/Users/ambib/OneDrive/Desktop/compsys-lab1" --jdi ../..//output_files/lab1.jdi --sopcinfo C:/Users/ambib/OneDrive/Desktop/compsys-lab1/software/Pacemaker_bsp/../../nios2_system.sopcinfo
Info: (Pacemaker.elf) 52 KBytes program size (code + initialized data).
Info:                 8132 KBytes free for stack + heap.
Info: Creating Pacemaker.objdump
nios2-elf-objdump --disassemble --syms --all-header --source Pacemaker.elf >Pacemaker.objdump
[Pacemaker build complete]
04:01:38 **** Incremental Build of configuration Nios II for project Pacemaker ****
make all 
Info: Building ../Pacemaker_bsp/
C:/intelFPGA_lite/16.1/nios2eds/bin/gnu/H-x86_64-mingw32/bin/make --no-print-directory -C ../Pacemaker_bsp/
[BSP build complete]
[Pacemaker build complete]
04:03:34 **** Build of configuration Nios II for project Pacemaker ****
make all 
Info: Building ../Pacemaker_bsp/
C:/intelFPGA_lite/16.1/nios2eds/bin/gnu/H-x86_64-mingw32/bin/make --no-print-directory -C ../Pacemaker_bsp/
[BSP build complete]
Info: Compiling pacemaker.c to obj/default/pacemaker.o
nios2-elf-gcc -xc -MP -MMD -c -I../Pacemaker_bsp//HAL/inc -I../Pacemaker_bsp/ -I../Pacemaker_bsp//drivers/inc  -pipe -D__hal__ -DALT_NO_INSTRUCTION_EMULATION -DALT_SINGLE_THREADED    -O0 -g -Wall   -mno-hw-div -mhw-mul -mno-hw-mulx -mgpopt=global  -o obj/default/pacemaker.o pacemaker.c
pacemaker.c: In function 'get_heart_signals':
pacemaker.c:77:2: warning: implicit declaration of function 'test_and_set' [-Wimplicit-function-declaration]
  test_and_set(&code);
  ^
pacemaker.c: At top level:
pacemaker.c:157:6: warning: conflicting types for 'test_and_set'
 void test_and_set(int* code)
      ^
pacemaker.c:77:2: note: previous implicit declaration of 'test_and_set' was here
  test_and_set(&code);
  ^
pacemaker.c: In function 'main':
pacemaker.c:222:3: warning: implicit declaration of function 'alt_irq_register' [-Wimplicit-function-declaration]
   alt_irq_register (BUTTONS_IRQ, NULL , get_heart_signals);
   ^
pacemaker.c:194:7: warning: unused variable 'heart_signal' [-Wunused-variable]
  char heart_signal[1];
       ^
Info: Linking Pacemaker.elf
nios2-elf-g++  -T'../Pacemaker_bsp//linker.x' -msys-crt0='../Pacemaker_bsp//obj/HAL/src/crt0.o' -msys-lib=hal_bsp -L../Pacemaker_bsp/   -Wl,-Map=Pacemaker.map   -O0 -g -Wall   -mno-hw-div -mhw-mul -mno-hw-mulx -mgpopt=global  -o Pacemaker.elf obj/default/pacemaker.o obj/default/pacemaker_fsm.o -lm -msys-lib=m
nios2-elf-insert Pacemaker.elf --thread_model hal --cpu_name cpu --qsys true --simulation_enabled false --id 308784078 --sidp 0x0 --timestamp 1502336826 --stderr_dev jtag_uart --stdin_dev jtag_uart --stdout_dev jtag_uart --sopc_system_name nios2_system --quartus_project_dir "C:/Users/ambib/OneDrive/Desktop/compsys-lab1" --jdi ../..//output_files/lab1.jdi --sopcinfo C:/Users/ambib/OneDrive/Desktop/compsys-lab1/software/Pacemaker_bsp/../../nios2_system.sopcinfo
Info: (Pacemaker.elf) 52 KBytes program size (code + initialized data).
Info:                 8132 KBytes free for stack + heap.
Info: Creating Pacemaker.objdump
nios2-elf-objdump --disassemble --syms --all-header --source Pacemaker.elf >Pacemaker.objdump
[Pacemaker build complete]
04:03:38 **** Incremental Build of configuration Nios II for project Pacemaker ****
make all 
Info: Building ../Pacemaker_bsp/
C:/intelFPGA_lite/16.1/nios2eds/bin/gnu/H-x86_64-mingw32/bin/make --no-print-directory -C ../Pacemaker_bsp/
[BSP build complete]
[Pacemaker build complete]
04:05:50 **** Build of configuration Nios II for project Pacemaker ****
make all 
Info: Building ../Pacemaker_bsp/
C:/intelFPGA_lite/16.1/nios2eds/bin/gnu/H-x86_64-mingw32/bin/make --no-print-directory -C ../Pacemaker_bsp/
[BSP build complete]
Info: Compiling pacemaker.c to obj/default/pacemaker.o
nios2-elf-gcc -xc -MP -MMD -c -I../Pacemaker_bsp//HAL/inc -I../Pacemaker_bsp/ -I../Pacemaker_bsp//drivers/inc  -pipe -D__hal__ -DALT_NO_INSTRUCTION_EMULATION -DALT_SINGLE_THREADED    -O0 -g -Wall   -mno-hw-div -mhw-mul -mno-hw-mulx -mgpopt=global  -o obj/default/pacemaker.o pacemaker.c
pacemaker.c: In function 'get_heart_signals':
pacemaker.c:79:2: warning: implicit declaration of function 'test_and_set' [-Wimplicit-function-declaration]
  test_and_set(&code);
  ^
pacemaker.c: At top level:
pacemaker.c:159:6: warning: conflicting types for 'test_and_set'
 void test_and_set(int* code)
      ^
pacemaker.c:79:2: note: previous implicit declaration of 'test_and_set' was here
  test_and_set(&code);
  ^
pacemaker.c: In function 'main':
pacemaker.c:224:3: warning: implicit declaration of function 'alt_irq_register' [-Wimplicit-function-declaration]
   alt_irq_register (BUTTONS_IRQ, NULL , get_heart_signals);
   ^
pacemaker.c:196:7: warning: unused variable 'heart_signal' [-Wunused-variable]
  char heart_signal[1];
       ^
Info: Linking Pacemaker.elf
nios2-elf-g++  -T'../Pacemaker_bsp//linker.x' -msys-crt0='../Pacemaker_bsp//obj/HAL/src/crt0.o' -msys-lib=hal_bsp -L../Pacemaker_bsp/   -Wl,-Map=Pacemaker.map   -O0 -g -Wall   -mno-hw-div -mhw-mul -mno-hw-mulx -mgpopt=global  -o Pacemaker.elf obj/default/pacemaker.o obj/default/pacemaker_fsm.o -lm -msys-lib=m
nios2-elf-insert Pacemaker.elf --thread_model hal --cpu_name cpu --qsys true --simulation_enabled false --id 308784078 --sidp 0x0 --timestamp 1502336826 --stderr_dev jtag_uart --stdin_dev jtag_uart --stdout_dev jtag_uart --sopc_system_name nios2_system --quartus_project_dir "C:/Users/ambib/OneDrive/Desktop/compsys-lab1" --jdi ../..//output_files/lab1.jdi --sopcinfo C:/Users/ambib/OneDrive/Desktop/compsys-lab1/software/Pacemaker_bsp/../../nios2_system.sopcinfo
Info: (Pacemaker.elf) 52 KBytes program size (code + initialized data).
Info:                 8132 KBytes free for stack + heap.
Info: Creating Pacemaker.objdump
nios2-elf-objdump --disassemble --syms --all-header --source Pacemaker.elf >Pacemaker.objdump
[Pacemaker build complete]
04:05:56 **** Incremental Build of configuration Nios II for project Pacemaker ****
make all 
Info: Building ../Pacemaker_bsp/
C:/intelFPGA_lite/16.1/nios2eds/bin/gnu/H-x86_64-mingw32/bin/make --no-print-directory -C ../Pacemaker_bsp/
[BSP build complete]
[Pacemaker build complete]
04:06:13 **** Build of configuration Nios II for project Pacemaker ****
make all 
Info: Building ../Pacemaker_bsp/
C:/intelFPGA_lite/16.1/nios2eds/bin/gnu/H-x86_64-mingw32/bin/make --no-print-directory -C ../Pacemaker_bsp/
[BSP build complete]
[Pacemaker build complete]
04:06:15 **** Incremental Build of configuration Nios II for project Pacemaker ****
make all 
Info: Building ../Pacemaker_bsp/
C:/intelFPGA_lite/16.1/nios2eds/bin/gnu/H-x86_64-mingw32/bin/make --no-print-directory -C ../Pacemaker_bsp/
[BSP build complete]
[Pacemaker build complete]
04:09:38 **** Build of configuration Nios II for project Pacemaker ****
make all 
Info: Building ../Pacemaker_bsp/
C:/intelFPGA_lite/16.1/nios2eds/bin/gnu/H-x86_64-mingw32/bin/make --no-print-directory -C ../Pacemaker_bsp/
[BSP build complete]
Info: Compiling pacemaker.c to obj/default/pacemaker.o
nios2-elf-gcc -xc -MP -MMD -c -I../Pacemaker_bsp//HAL/inc -I../Pacemaker_bsp/ -I../Pacemaker_bsp//drivers/inc  -pipe -D__hal__ -DALT_NO_INSTRUCTION_EMULATION -DALT_SINGLE_THREADED    -O0 -g -Wall   -mno-hw-div -mhw-mul -mno-hw-mulx -mgpopt=global  -o obj/default/pacemaker.o pacemaker.c
pacemaker.c: In function 'get_heart_signals':
pacemaker.c:79:2: warning: implicit declaration of function 'test_and_set' [-Wimplicit-function-declaration]
  test_and_set(&code);
  ^
pacemaker.c: In function 'timeout_checker':
pacemaker.c:144:2: error: unknown type name 'calculates'
  calculates the elapsed time
  ^
pacemaker.c:144:17: error: expected '=', ',', ';', 'asm' or '__attribute__' before 'elapsed'
  calculates the elapsed time
                 ^
pacemaker.c:147:5: error: 'time_diff' undeclared (first use in this function)
  if(time_diff >= timeout)
     ^
pacemaker.c:147:5: note: each undeclared identifier is reported only once for each function it appears in
pacemaker.c: At top level:
pacemaker.c:159:6: warning: conflicting types for 'test_and_set'
 void test_and_set(int* code)
      ^
pacemaker.c:79:2: note: previous implicit declaration of 'test_and_set' was here
  test_and_set(&code);
  ^
pacemaker.c: In function 'main':
pacemaker.c:224:3: warning: implicit declaration of function 'alt_irq_register' [-Wimplicit-function-declaration]
   alt_irq_register (BUTTONS_IRQ, NULL , get_heart_signals);
   ^
pacemaker.c:196:7: warning: unused variable 'heart_signal' [-Wunused-variable]
  char heart_signal[1];
       ^
make: *** [obj/default/pacemaker.o] Error 1
04:09:40 **** Incremental Build of configuration Nios II for project Pacemaker ****
make all 
Info: Building ../Pacemaker_bsp/
C:/intelFPGA_lite/16.1/nios2eds/bin/gnu/H-x86_64-mingw32/bin/make --no-print-directory -C ../Pacemaker_bsp/
[BSP build complete]
Info: Compiling pacemaker.c to obj/default/pacemaker.o
nios2-elf-gcc -xc -MP -MMD -c -I../Pacemaker_bsp//HAL/inc -I../Pacemaker_bsp/ -I../Pacemaker_bsp//drivers/inc  -pipe -D__hal__ -DALT_NO_INSTRUCTION_EMULATION -DALT_SINGLE_THREADED    -O0 -g -Wall   -mno-hw-div -mhw-mul -mno-hw-mulx -mgpopt=global  -o obj/default/pacemaker.o pacemaker.c
pacemaker.c: In function 'get_heart_signals':
pacemaker.c:79:2: warning: implicit declaration of function 'test_and_set' [-Wimplicit-function-declaration]
  test_and_set(&code);
  ^
pacemaker.c: In function 'timeout_checker':
pacemaker.c:144:2: error: unknown type name 'calculates'
  calculates the elapsed time
  ^
pacemaker.c:144:17: error: expected '=', ',', ';', 'asm' or '__attribute__' before 'elapsed'
  calculates the elapsed time
                 ^
pacemaker.c:147:5: error: 'time_diff' undeclared (first use in this function)
  if(time_diff >= timeout)
     ^
pacemaker.c:147:5: note: each undeclared identifier is reported only once for each function it appears in
pacemaker.c: At top level:
pacemaker.c:159:6: warning: conflicting types for 'test_and_set'
 void test_and_set(int* code)
      ^
pacemaker.c:79:2: note: previous implicit declaration of 'test_and_set' was here
  test_and_set(&code);
  ^
pacemaker.c: In function 'main':
pacemaker.c:224:3: warning: implicit declaration of function 'alt_irq_register' [-Wimplicit-function-declaration]
   alt_irq_register (BUTTONS_IRQ, NULL , get_heart_signals);
   ^
pacemaker.c:196:7: warning: unused variable 'heart_signal' [-Wunused-variable]
  char heart_signal[1];
       ^
make: *** [obj/default/pacemaker.o] Error 1
04:12:00 **** Build of configuration Nios II for project Pacemaker ****
make all 
Info: Building ../Pacemaker_bsp/
C:/intelFPGA_lite/16.1/nios2eds/bin/gnu/H-x86_64-mingw32/bin/make --no-print-directory -C ../Pacemaker_bsp/
[BSP build complete]
Info: Compiling pacemaker.c to obj/default/pacemaker.o
nios2-elf-gcc -xc -MP -MMD -c -I../Pacemaker_bsp//HAL/inc -I../Pacemaker_bsp/ -I../Pacemaker_bsp//drivers/inc  -pipe -D__hal__ -DALT_NO_INSTRUCTION_EMULATION -DALT_SINGLE_THREADED    -O0 -g -Wall   -mno-hw-div -mhw-mul -mno-hw-mulx -mgpopt=global  -o obj/default/pacemaker.o pacemaker.c
pacemaker.c: In function 'get_heart_signals':
pacemaker.c:79:2: warning: implicit declaration of function 'test_and_set' [-Wimplicit-function-declaration]
  test_and_set(&code);
  ^
pacemaker.c: In function 'timeout_checker':
pacemaker.c:144:2: error: unknown type name 'calculates'
  calculates the elapsed time
  ^
pacemaker.c:144:17: error: expected '=', ',', ';', 'asm' or '__attribute__' before 'elapsed'
  calculates the elapsed time
                 ^
pacemaker.c:147:5: error: 'time_diff' undeclared (first use in this function)
  if(time_diff >= timeout)
     ^
pacemaker.c:147:5: note: each undeclared identifier is reported only once for each function it appears in
pacemaker.c: At top level:
pacemaker.c:159:6: warning: conflicting types for 'test_and_set'
 void test_and_set(int* code)
      ^
pacemaker.c:79:2: note: previous implicit declaration of 'test_and_set' was here
  test_and_set(&code);
  ^
pacemaker.c: In function 'main':
pacemaker.c:224:3: warning: implicit declaration of function 'alt_irq_register' [-Wimplicit-function-declaration]
   alt_irq_register (BUTTONS_IRQ, NULL , get_heart_signals);
   ^
pacemaker.c:196:7: warning: unused variable 'heart_signal' [-Wunused-variable]
  char heart_signal[1];
       ^
make: *** [obj/default/pacemaker.o] Error 1
04:12:13 **** Build of configuration Nios II for project Pacemaker ****
make all 
Info: Building ../Pacemaker_bsp/
C:/intelFPGA_lite/16.1/nios2eds/bin/gnu/H-x86_64-mingw32/bin/make --no-print-directory -C ../Pacemaker_bsp/
[BSP build complete]
Info: Compiling pacemaker.c to obj/default/pacemaker.o
nios2-elf-gcc -xc -MP -MMD -c -I../Pacemaker_bsp//HAL/inc -I../Pacemaker_bsp/ -I../Pacemaker_bsp//drivers/inc  -pipe -D__hal__ -DALT_NO_INSTRUCTION_EMULATION -DALT_SINGLE_THREADED    -O0 -g -Wall   -mno-hw-div -mhw-mul -mno-hw-mulx -mgpopt=global  -o obj/default/pacemaker.o pacemaker.c
pacemaker.c: In function 'get_heart_signals':
pacemaker.c:79:2: warning: implicit declaration of function 'test_and_set' [-Wimplicit-function-declaration]
  test_and_set(&code);
  ^
pacemaker.c: At top level:
pacemaker.c:159:6: warning: conflicting types for 'test_and_set'
 void test_and_set(int* code)
      ^
pacemaker.c:79:2: note: previous implicit declaration of 'test_and_set' was here
  test_and_set(&code);
  ^
pacemaker.c: In function 'main':
pacemaker.c:224:3: warning: implicit declaration of function 'alt_irq_register' [-Wimplicit-function-declaration]
   alt_irq_register (BUTTONS_IRQ, NULL , get_heart_signals);
   ^
pacemaker.c:196:7: warning: unused variable 'heart_signal' [-Wunused-variable]
  char heart_signal[1];
       ^
Info: Linking Pacemaker.elf
nios2-elf-g++  -T'../Pacemaker_bsp//linker.x' -msys-crt0='../Pacemaker_bsp//obj/HAL/src/crt0.o' -msys-lib=hal_bsp -L../Pacemaker_bsp/   -Wl,-Map=Pacemaker.map   -O0 -g -Wall   -mno-hw-div -mhw-mul -mno-hw-mulx -mgpopt=global  -o Pacemaker.elf obj/default/pacemaker.o obj/default/pacemaker_fsm.o -lm -msys-lib=m
nios2-elf-insert Pacemaker.elf --thread_model hal --cpu_name cpu --qsys true --simulation_enabled false --id 308784078 --sidp 0x0 --timestamp 1502336826 --stderr_dev jtag_uart --stdin_dev jtag_uart --stdout_dev jtag_uart --sopc_system_name nios2_system --quartus_project_dir "C:/Users/ambib/OneDrive/Desktop/compsys-lab1" --jdi ../..//output_files/lab1.jdi --sopcinfo C:/Users/ambib/OneDrive/Desktop/compsys-lab1/software/Pacemaker_bsp/../../nios2_system.sopcinfo
Info: (Pacemaker.elf) 91 KBytes program size (code + initialized data).
Info:                 8093 KBytes free for stack + heap.
Info: Creating Pacemaker.objdump
nios2-elf-objdump --disassemble --syms --all-header --source Pacemaker.elf >Pacemaker.objdump
[Pacemaker build complete]
04:12:19 **** Incremental Build of configuration Nios II for project Pacemaker ****
make all 
Info: Building ../Pacemaker_bsp/
C:/intelFPGA_lite/16.1/nios2eds/bin/gnu/H-x86_64-mingw32/bin/make --no-print-directory -C ../Pacemaker_bsp/
[BSP build complete]
[Pacemaker build complete]
